Using pre-set license
Built from '2020.3/staging' branch; Version is '2020.3.6f1 (338bb68529b2) revision 3378102'; Using compiler version '192528614'; Build Type 'Release'
OS: 'Windows 10 Home; OS build 19045.3930; Version 2009; 64bit' Language: 'es' Physical Memory: 16306 MB
BatchMode: 1, IsHumanControllingUs: 0, StartBugReporterOnCrash: 0, Is64bit: 1, IsPro: 0

 COMMAND LINE ARGUMENTS:
C:\Program Files\Unity\Hub\Editor\2020.3.6f1\Editor\Unity.exe
-adb2
-batchMode
-noUpm
-name
AssetImportWorker0
-projectPath
E:/Proyecto
-logFile
Logs/AssetImportWorker0.log
-srvPort
58058
Successfully changed project path to: E:/Proyecto
E:/Proyecto
Using Asset Import Pipeline V2.
Refreshing native plugins compatible for Editor in 88.63 ms, found 0 plugins.
Preloading 0 native plugins for Editor in 0.00 ms.
Initialize engine version: 2020.3.6f1 (338bb68529b2)
[Subsystems] Discovering subsystems at path C:/Program Files/Unity/Hub/Editor/2020.3.6f1/Editor/Data/Resources/UnitySubsystems
[Subsystems] Discovering subsystems at path E:/Proyecto/Assets
GfxDevice: creating device client; threaded=0
Direct3D:
    Version:  Direct3D 11.0 [level 11.1]
    Renderer: NVIDIA GeForce GTX 1660 SUPER (ID=0x21c4)
    Vendor:   
    VRAM:     5980 MB
    Driver:   31.0.15.3742
Shader 'Universal Render Pipeline/Particles/Lit': fallback shader 'Universal Render Pipeline/Particles/SimpleLit' not found
Initialize mono
Mono path[0] = 'C:/Program Files/Unity/Hub/Editor/2020.3.6f1/Editor/Data/Managed'
Mono path[1] = 'C:/Program Files/Unity/Hub/Editor/2020.3.6f1/Editor/Data/MonoBleedingEdge/lib/mono/unityjit'
Mono config path = 'C:/Program Files/Unity/Hub/Editor/2020.3.6f1/Editor/Data/MonoBleedingEdge/etc'
Using monoOptions --debugger-agent=transport=dt_socket,embedding=1,server=y,suspend=n,address=127.0.0.1:56444
Begin MonoManager ReloadAssembly
Registering precompiled unity dll's ...
Register platform support module: C:/Program Files/Unity/Hub/Editor/2020.3.6f1/Editor/Data/PlaybackEngines/WindowsStandaloneSupport/UnityEditor.WindowsStandalone.Extensions.dll
Registered in 0.002409 seconds.
Native extension for WindowsStandalone target not found
Refreshing native plugins compatible for Editor in 114.43 ms, found 0 plugins.
Preloading 0 native plugins for Editor in 0.00 ms.
Mono: successfully reloaded assembly
- Completed reload, in  1.110 seconds
Platform modules already initialized, skipping
Registering precompiled user dll's ...
Registered in 0.001628 seconds.
Begin MonoManager ReloadAssembly
Native extension for WindowsStandalone target not found
Refreshing native plugins compatible for Editor in 95.80 ms, found 0 plugins.
Preloading 0 native plugins for Editor in 0.00 ms.
Mono: successfully reloaded assembly
- Completed reload, in  1.005 seconds
Platform modules already initialized, skipping
========================================================================
Worker process is ready to serve import requests
Shader 'Universal Render Pipeline/Particles/Lit': fallback shader 'Universal Render Pipeline/Particles/SimpleLit' not found
Launched and connected shader compiler UnityShaderCompiler.exe after 0.25 seconds
Refreshing native plugins compatible for Editor in 1.52 ms, found 0 plugins.
Preloading 0 native plugins for Editor in 0.00 ms.
Unloading 2643 Unused Serialized files (Serialized files now loaded: 0)
System memory in use before: 130.2 MB.
System memory in use after: 130.4 MB.

Unloading 11 unused Assets to reduce memory usage. Loaded Objects now: 3088.
Total: 2.425600 ms (FindLiveObjects: 0.531800 ms CreateObjectMapping: 0.219200 ms MarkObjects: 1.614200 ms  DeleteObjects: 0.059300 ms)

========================================================================
Received Import Request.
  path: Assets/4K PBR Realistic Ground Textures/Materials/Old_Paving_Stones.mat
  artifactKey: Guid(5f0e9d5ab3331f245a5ac1f98d0aef41) Importer(815301076,1909f56bfc062723c751e8b465ee728b)
Start importing Assets/4K PBR Realistic Ground Textures/Materials/Old_Paving_Stones.mat using Guid(5f0e9d5ab3331f245a5ac1f98d0aef41) Importer(815301076,1909f56bfc062723c751e8b465ee728b) Invalid serialized file header. File: "VirtualArtifacts/Primary/0e9d5a909a1f7e84882a534d0d11e49f".

Unknown error occurred while loading 'Library/Artifacts/20/2010a587484ce0603edb8af7ccb09a1e'.

Invalid serialized file header. File: "VirtualArtifacts/Primary/0e9d5a909a1f7e84882a534d0d11e49f".
UnityEngine.StackTraceUtility:ExtractStackTrace ()
UnityEditor.Editor:CreateEditorWithContext (UnityEngine.Object[],UnityEngine.Object,System.Type)
UnityEditor.Editor:CreateEditor (UnityEngine.Object,System.Type)
UnityEditor.Editor:CreateEditor (UnityEngine.Object)
UnityEditor.AssetPreviewUpdater:CreatePreviewForAsset (UnityEngine.Object,UnityEngine.Object[],string)

[C:\buildslave\unity\build\Runtime/Serialize/SerializedFile.cpp line 998]

Invalid serialized file header. File: "VirtualArtifacts/Primary/0e9d5a909a1f7e84882a534d0d11e49f".
UnityEngine.StackTraceUtility:ExtractStackTrace ()
UnityEditor.Editor:CreateEditorWithContext (UnityEngine.Object[],UnityEngine.Object,System.Type)
UnityEditor.Editor:CreateEditor (UnityEngine.Object,System.Type)
UnityEditor.Editor:CreateEditor (UnityEngine.Object)
UnityEditor.AssetPreviewUpdater:CreatePreviewForAsset (UnityEngine.Object,UnityEngine.Object[],string)

[C:\buildslave\unity\build\Runtime/Serialize/SerializedFile.cpp line 998]

Invalid serialized file header. File: "VirtualArtifacts/Primary/0e9d5a909a1f7e84882a534d0d11e49f".
UnityEngine.StackTraceUtility:ExtractStackTrace ()
UnityEngine.Material:GetTag (string,bool,string)
UnityEditor.MaterialEditor:GetPreviewType (UnityEngine.Material)
UnityEditor.MaterialEditor:Awake ()
UnityEditor.Editor:CreateEditorWithContext (UnityEngine.Object[],UnityEngine.Object,System.Type)
UnityEditor.Editor:CreateEditor (UnityEngine.Object,System.Type)
UnityEditor.Editor:CreateEditor (UnityEngine.Object)
UnityEditor.AssetPreviewUpdater:CreatePreviewForAsset (UnityEngine.Object,UnityEngine.Object[],string)

[C:\buildslave\unity\build\Runtime/Serialize/SerializedFile.cpp line 998]

Invalid serialized file header. File: "VirtualArtifacts/Primary/0e9d5a909a1f7e84882a534d0d11e49f".
UnityEngine.StackTraceUtility:ExtractStackTrace ()
UnityEditor.MaterialEditor:GetPreviewType (UnityEngine.Material)
UnityEditor.MaterialEditor:Awake ()
UnityEditor.Editor:CreateEditorWithContext (UnityEngine.Object[],UnityEngine.Object,System.Type)
UnityEditor.Editor:CreateEditor (UnityEngine.Object,System.Type)
UnityEditor.Editor:CreateEditor (UnityEngine.Object)
UnityEditor.AssetPreviewUpdater:CreatePreviewForAsset (UnityEngine.Object,UnityEngine.Object[],string)

[C:\buildslave\unity\build\Runtime/Serialize/SerializedFile.cpp line 998]

Invalid serialized file header. File: "VirtualArtifacts/Primary/0e9d5a909a1f7e84882a534d0d11e49f".
UnityEngine.StackTraceUtility:ExtractStackTrace ()
UnityEditor.MaterialEditor:GetPreviewType (UnityEngine.Material)
UnityEditor.MaterialEditor:Awake ()
UnityEditor.Editor:CreateEditorWithContext (UnityEngine.Object[],UnityEngine.Object,System.Type)
UnityEditor.Editor:CreateEditor (UnityEngine.Object,System.Type)
UnityEditor.Editor:CreateEditor (UnityEngine.Object)
UnityEditor.AssetPreviewUpdater:CreatePreviewForAsset (UnityEngine.Object,UnityEngine.Object[],string)

[C:\buildslave\unity\build\Runtime/Serialize/SerializedFile.cpp line 998]

Invalid serialized file header. File: "VirtualArtifacts/Primary/0e9d5a909a1f7e84882a534d0d11e49f".
UnityEngine.StackTraceUtility:ExtractStackTrace ()
UnityEditor.SerializedProperty:get_objectReferenceValue ()
UnityEditor.MaterialEditor:OnEnable ()
UnityEditor.Editor:CreateEditorWithContext (UnityEngine.Object[],UnityEngine.Object,System.Type)
UnityEditor.Editor:CreateEditor (UnityEngine.Object,System.Type)
UnityEditor.Editor:CreateEditor (UnityEngine.Object)
UnityEditor.AssetPreviewUpdater:CreatePreviewForAsset (UnityEngine.Object,UnityEngine.Object[],string)

[C:\buildslave\unity\build\Runtime/Serialize/SerializedFile.cpp line 998]

Invalid serialized file header. File: "VirtualArtifacts/Primary/0e9d5a909a1f7e84882a534d0d11e49f".
UnityEngine.StackTraceUtility:ExtractStackTrace ()
UnityEditor.Utils.PerformanceChecks:CheckMaterial (UnityEngine.Material,UnityEditor.BuildTarget)
UnityEditor.MaterialEditor:PropertiesChanged ()
UnityEditor.MaterialEditor:OnEnable ()
UnityEditor.Editor:CreateEditorWithContext (UnityEngine.Object[],UnityEngine.Object,System.Type)
UnityEditor.Editor:CreateEditor (UnityEngine.Object,System.Type)
UnityEditor.Editor:CreateEditor (UnityEngine.Object)
UnityEditor.AssetPreviewUpdater:CreatePreviewForAsset (UnityEngine.Object,UnityEngine.Object[],string)

[C:\buildslave\unity\build\Runtime/Serialize/SerializedFile.cpp line 998]

Invalid serialized file header. File: "VirtualArtifacts/Primary/0e9d5a909a1f7e84882a534d0d11e49f".
UnityEngine.StackTraceUtility:ExtractStackTrace ()
UnityEditor.Utils.PerformanceChecks:CheckMaterial (UnityEngine.Material,UnityEditor.BuildTarget)
UnityEditor.MaterialEditor:PropertiesChanged ()
UnityEditor.MaterialEditor:OnEnable ()
UnityEditor.Editor:CreateEditorWithContext (UnityEngine.Object[],UnityEngine.Object,System.Type)
UnityEditor.Editor:CreateEditor (UnityEngine.Object,System.Type)
UnityEditor.Editor:CreateEditor (UnityEngine.Object)
UnityEditor.AssetPreviewUpdater:CreatePreviewForAsset (UnityEngine.Object,UnityEngine.Object[],string)

[C:\buildslave\unity\build\Runtime/Serialize/SerializedFile.cpp line 998]

Invalid serialized file header. File: "VirtualArtifacts/Primary/0e9d5a909a1f7e84882a534d0d11e49f".
UnityEngine.StackTraceUtility:ExtractStackTrace ()
UnityEditor.Utils.PerformanceChecks:CheckMaterial (UnityEngine.Material,UnityEditor.BuildTarget)
UnityEditor.MaterialEditor:PropertiesChanged ()
UnityEditor.MaterialEditor:OnEnable ()
UnityEditor.Editor:CreateEditorWithContext (UnityEngine.Object[],UnityEngine.Object,System.Type)
UnityEditor.Editor:CreateEditor (UnityEngine.Object,System.Type)
UnityEditor.Editor:CreateEditor (UnityEngine.Object)
UnityEditor.AssetPreviewUpdater:CreatePreviewForAsset (UnityEngine.Object,UnityEngine.Object[],string)

[C:\buildslave\unity\build\Runtime/Serialize/SerializedFile.cpp line 998]

Invalid serialized file header. File: "VirtualArtifacts/Primary/0e9d5a909a1f7e84882a534d0d11e49f".
UnityEngine.StackTraceUtility:ExtractStackTrace ()
UnityEngine.Material:GetTag (string,bool)
UnityEditor.Utils.PerformanceChecks:CheckMaterial (UnityEngine.Material,UnityEditor.BuildTarget)
UnityEditor.MaterialEditor:PropertiesChanged ()
UnityEditor.MaterialEditor:OnEnable ()
UnityEditor.Editor:CreateEditorWithContext (UnityEngine.Object[],UnityEngine.Object,System.Type)
UnityEditor.Editor:CreateEditor (UnityEngine.Object,System.Type)
UnityEditor.Editor:CreateEditor (UnityEngine.Object)
UnityEditor.AssetPreviewUpdater:CreatePreviewForAsset (UnityEngine.Object,UnityEngine.Object[],string)

[C:\buildslave\unity\build\Runtime/Serialize/SerializedFile.cpp line 998]

Invalid serialized file header. File: "VirtualArtifacts/Primary/0e9d5a909a1f7e84882a534d0d11e49f".
UnityEngine.StackTraceUtility:ExtractStackTrace ()
UnityEngine.Material:HasProperty (string)
UnityEditor.Utils.PerformanceChecks:CheckMaterial (UnityEngine.Material,UnityEditor.BuildTarget)
UnityEditor.MaterialEditor:PropertiesChanged ()
UnityEditor.MaterialEditor:OnEnable ()
UnityEditor.Editor:CreateEditorWithContext (UnityEngine.Object[],UnityEngine.Object,System.Type)
UnityEditor.Editor:CreateEditor (UnityEngine.Object,System.Type)
UnityEditor.Editor:CreateEditor (UnityEngine.Object)
UnityEditor.AssetPreviewUpdater:CreatePreviewForAsset (UnityEngine.Object,UnityEngine.Object[],string)

[C:\buildslave\unity\build\Runtime/Serialize/SerializedFile.cpp line 998]

Invalid serialized file header. File: "VirtualArtifacts/Primary/0e9d5a909a1f7e84882a534d0d11e49f".
UnityEngine.StackTraceUtility:ExtractStackTrace ()
UnityEngine.Material:GetTag (string,bool,string)
UnityEditor.MaterialEditor:GetPreviewType (UnityEngine.Material)
UnityEditor.MaterialEditor:DoRenderPreview (UnityEditor.PreviewRenderUtility,bool)
UnityEditor.MaterialEditor:RenderStaticPreview (string,UnityEngine.Object[],int,int)
UnityEditor.AssetPreviewUpdater:CreatePreviewForAsset (UnityEngine.Object,UnityEngine.Object[],string)

[C:\buildslave\unity\build\Runtime/Serialize/SerializedFile.cpp line 998]

Invalid serialized file header. File: "VirtualArtifacts/Primary/0e9d5a909a1f7e84882a534d0d11e49f".
UnityEngine.StackTraceUtility:ExtractStackTrace ()
UnityEditor.MaterialEditor:GetPreviewType (UnityEngine.Material)
UnityEditor.MaterialEditor:DoRenderPreview (UnityEditor.PreviewRenderUtility,bool)
UnityEditor.MaterialEditor:RenderStaticPreview (string,UnityEngine.Object[],int,int)
UnityEditor.AssetPreviewUpdater:CreatePreviewForAsset (UnityEngine.Object,UnityEngine.Object[],string)

[C:\buildslave\unity\build\Runtime/Serialize/SerializedFile.cpp line 998]

Invalid serialized file header. File: "VirtualArtifacts/Primary/0e9d5a909a1f7e84882a534d0d11e49f".
UnityEngine.StackTraceUtility:ExtractStackTrace ()
UnityEditor.MaterialEditor:GetPreviewType (UnityEngine.Material)
UnityEditor.MaterialEditor:DoRenderPreview (UnityEditor.PreviewRenderUtility,bool)
UnityEditor.MaterialEditor:RenderStaticPreview (string,UnityEngine.Object[],int,int)
UnityEditor.AssetPreviewUpdater:CreatePreviewForAsset (UnityEngine.Object,UnityEngine.Object[],string)

[C:\buildslave\unity\build\Runtime/Serialize/SerializedFile.cpp line 998]

 -> (artifact id: 'ed1d87ed8adf053b7204733066d10c7c') in 0.416748 seconds
  Import took 0.476019 seconds .

========================================================================
Received Import Request.
  Time since last request: 0.000749 seconds.
  path: Assets/4K PBR Realistic Ground Textures/Materials/Paving_Stones1_Wet.mat
  artifactKey: Guid(3c8b10bc94c4ba04ba7194c47e780a36) Importer(815301076,1909f56bfc062723c751e8b465ee728b)
Start importing Assets/4K PBR Realistic Ground Textures/Materials/Paving_Stones1_Wet.mat using Guid(3c8b10bc94c4ba04ba7194c47e780a36) Importer(815301076,1909f56bfc062723c751e8b465ee728b) Invalid serialized file header. File: "VirtualArtifacts/Primary/0e9d5a909a1f7e84882a534d0d11e49f".

Invalid serialized file header. File: "VirtualArtifacts/Primary/0e9d5a909a1f7e84882a534d0d11e49f".
UnityEngine.StackTraceUtility:ExtractStackTrace ()
UnityEditor.Editor:CreateEditorWithContext (UnityEngine.Object[],UnityEngine.Object,System.Type)
UnityEditor.Editor:CreateEditor (UnityEngine.Object,System.Type)
UnityEditor.Editor:CreateEditor (UnityEngine.Object)
UnityEditor.AssetPreviewUpdater:CreatePreviewForAsset (UnityEngine.Object,UnityEngine.Object[],string)

[C:\buildslave\unity\build\Runtime/Serialize/SerializedFile.cpp line 998]

Invalid serialized file header. File: "VirtualArtifacts/Primary/0e9d5a909a1f7e84882a534d0d11e49f".
UnityEngine.StackTraceUtility:ExtractStackTrace ()
UnityEditor.Editor:CreateEditorWithContext (UnityEngine.Object[],UnityEngine.Object,System.Type)
UnityEditor.Editor:CreateEditor (UnityEngine.Object,System.Type)
UnityEditor.Editor:CreateEditor (UnityEngine.Object)
UnityEditor.AssetPreviewUpdater:CreatePreviewForAsset (UnityEngine.Object,UnityEngine.Object[],string)

[C:\buildslave\unity\build\Runtime/Serialize/SerializedFile.cpp line 998]

Invalid serialized file header. File: "VirtualArtifacts/Primary/0e9d5a909a1f7e84882a534d0d11e49f".
UnityEngine.StackTraceUtility:ExtractStackTrace ()
UnityEngine.Material:GetTag (string,bool,string)
UnityEditor.MaterialEditor:GetPreviewType (UnityEngine.Material)
UnityEditor.MaterialEditor:Awake ()
UnityEditor.Editor:CreateEditorWithContext (UnityEngine.Object[],UnityEngine.Object,System.Type)
UnityEditor.Editor:CreateEditor (UnityEngine.Object,System.Type)
UnityEditor.Editor:CreateEditor (UnityEngine.Object)
UnityEditor.AssetPreviewUpdater:CreatePreviewForAsset (UnityEngine.Object,UnityEngine.Object[],string)

[C:\buildslave\unity\build\Runtime/Serialize/SerializedFile.cpp line 998]

Invalid serialized file header. File: "VirtualArtifacts/Primary/0e9d5a909a1f7e84882a534d0d11e49f".
UnityEngine.StackTraceUtility:ExtractStackTrace ()
UnityEditor.MaterialEditor:GetPreviewType (UnityEngine.Material)
UnityEditor.MaterialEditor:Awake ()
UnityEditor.Editor:CreateEditorWithContext (UnityEngine.Object[],UnityEngine.Object,System.Type)
UnityEditor.Editor:CreateEditor (UnityEngine.Object,System.Type)
UnityEditor.Editor:CreateEditor (UnityEngine.Object)
UnityEditor.AssetPreviewUpdater:CreatePreviewForAsset (UnityEngine.Object,UnityEngine.Object[],string)

[C:\buildslave\unity\build\Runtime/Serialize/SerializedFile.cpp line 998]

Invalid serialized file header. File: "VirtualArtifacts/Primary/0e9d5a909a1f7e84882a534d0d11e49f".
UnityEngine.StackTraceUtility:ExtractStackTrace ()
UnityEditor.MaterialEditor:GetPreviewType (UnityEngine.Material)
UnityEditor.MaterialEditor:Awake ()
UnityEditor.Editor:CreateEditorWithContext (UnityEngine.Object[],UnityEngine.Object,System.Type)
UnityEditor.Editor:CreateEditor (UnityEngine.Object,System.Type)
UnityEditor.Editor:CreateEditor (UnityEngine.Object)
UnityEditor.AssetPreviewUpdater:CreatePreviewForAsset (UnityEngine.Object,UnityEngine.Object[],string)

[C:\buildslave\unity\build\Runtime/Serialize/SerializedFile.cpp line 998]

Invalid serialized file header. File: "VirtualArtifacts/Primary/0e9d5a909a1f7e84882a534d0d11e49f".
UnityEngine.StackTraceUtility:ExtractStackTrace ()
UnityEditor.SerializedProperty:get_objectReferenceValue ()
UnityEditor.MaterialEditor:OnEnable ()
UnityEditor.Editor:CreateEditorWithContext (UnityEngine.Object[],UnityEngine.Object,System.Type)
UnityEditor.Editor:CreateEditor (UnityEngine.Object,System.Type)
UnityEditor.Editor:CreateEditor (UnityEngine.Object)
UnityEditor.AssetPreviewUpdater:CreatePreviewForAsset (UnityEngine.Object,UnityEngine.Object[],string)

[C:\buildslave\unity\build\Runtime/Serialize/SerializedFile.cpp line 998]

Invalid serialized file header. File: "VirtualArtifacts/Primary/0e9d5a909a1f7e84882a534d0d11e49f".
UnityEngine.StackTraceUtility:ExtractStackTrace ()
UnityEditor.Utils.PerformanceChecks:CheckMaterial (UnityEngine.Material,UnityEditor.BuildTarget)
UnityEditor.MaterialEditor:PropertiesChanged ()
UnityEditor.MaterialEditor:OnEnable ()
UnityEditor.Editor:CreateEditorWithContext (UnityEngine.Object[],UnityEngine.Object,System.Type)
UnityEditor.Editor:CreateEditor (UnityEngine.Object,System.Type)
UnityEditor.Editor:CreateEditor (UnityEngine.Object)
UnityEditor.AssetPreviewUpdater:CreatePreviewForAsset (UnityEngine.Object,UnityEngine.Object[],string)

[C:\buildslave\unity\build\Runtime/Serialize/SerializedFile.cpp line 998]

Invalid serialized file header. File: "VirtualArtifacts/Primary/0e9d5a909a1f7e84882a534d0d11e49f".
UnityEngine.StackTraceUtility:ExtractStackTrace ()
UnityEditor.Utils.PerformanceChecks:CheckMaterial (UnityEngine.Material,UnityEditor.BuildTarget)
UnityEditor.MaterialEditor:PropertiesChanged ()
UnityEditor.MaterialEditor:OnEnable ()
UnityEditor.Editor:CreateEditorWithContext (UnityEngine.Object[],UnityEngine.Object,System.Type)
UnityEditor.Editor:CreateEditor (UnityEngine.Object,System.Type)
UnityEditor.Editor:CreateEditor (UnityEngine.Object)
UnityEditor.AssetPreviewUpdater:CreatePreviewForAsset (UnityEngine.Object,UnityEngine.Object[],string)

[C:\buildslave\unity\build\Runtime/Serialize/SerializedFile.cpp line 998]

Invalid serialized file header. File: "VirtualArtifacts/Primary/0e9d5a909a1f7e84882a534d0d11e49f".
UnityEngine.StackTraceUtility:ExtractStackTrace ()
UnityEditor.Utils.PerformanceChecks:CheckMaterial (UnityEngine.Material,UnityEditor.BuildTarget)
UnityEditor.MaterialEditor:PropertiesChanged ()
UnityEditor.MaterialEditor:OnEnable ()
UnityEditor.Editor:CreateEditorWithContext (UnityEngine.Object[],UnityEngine.Object,System.Type)
UnityEditor.Editor:CreateEditor (UnityEngine.Object,System.Type)
UnityEditor.Editor:CreateEditor (UnityEngine.Object)
UnityEditor.AssetPreviewUpdater:CreatePreviewForAsset (UnityEngine.Object,UnityEngine.Object[],string)

[C:\buildslave\unity\build\Runtime/Serialize/SerializedFile.cpp line 998]

Invalid serialized file header. File: "VirtualArtifacts/Primary/0e9d5a909a1f7e84882a534d0d11e49f".
UnityEngine.StackTraceUtility:ExtractStackTrace ()
UnityEngine.Material:GetTag (string,bool)
UnityEditor.Utils.PerformanceChecks:CheckMaterial (UnityEngine.Material,UnityEditor.BuildTarget)
UnityEditor.MaterialEditor:PropertiesChanged ()
UnityEditor.MaterialEditor:OnEnable ()
UnityEditor.Editor:CreateEditorWithContext (UnityEngine.Object[],UnityEngine.Object,System.Type)
UnityEditor.Editor:CreateEditor (UnityEngine.Object,System.Type)
UnityEditor.Editor:CreateEditor (UnityEngine.Object)
UnityEditor.AssetPreviewUpdater:CreatePreviewForAsset (UnityEngine.Object,UnityEngine.Object[],string)

[C:\buildslave\unity\build\Runtime/Serialize/SerializedFile.cpp line 998]

Invalid serialized file header. File: "VirtualArtifacts/Primary/0e9d5a909a1f7e84882a534d0d11e49f".
UnityEngine.StackTraceUtility:ExtractStackTrace ()
UnityEngine.Material:HasProperty (string)
UnityEditor.Utils.PerformanceChecks:CheckMaterial (UnityEngine.Material,UnityEditor.BuildTarget)
UnityEditor.MaterialEditor:PropertiesChanged ()
UnityEditor.MaterialEditor:OnEnable ()
UnityEditor.Editor:CreateEditorWithContext (UnityEngine.Object[],UnityEngine.Object,System.Type)
UnityEditor.Editor:CreateEditor (UnityEngine.Object,System.Type)
UnityEditor.Editor:CreateEditor (UnityEngine.Object)
UnityEditor.AssetPreviewUpdater:CreatePreviewForAsset (UnityEngine.Object,UnityEngine.Object[],string)

[C:\buildslave\unity\build\Runtime/Serialize/SerializedFile.cpp line 998]

Invalid serialized file header. File: "VirtualArtifacts/Primary/0e9d5a909a1f7e84882a534d0d11e49f".
UnityEngine.StackTraceUtility:ExtractStackTrace ()
UnityEngine.Material:GetTag (string,bool,string)
UnityEditor.MaterialEditor:GetPreviewType (UnityEngine.Material)
UnityEditor.MaterialEditor:DoRenderPreview (UnityEditor.PreviewRenderUtility,bool)
UnityEditor.MaterialEditor:RenderStaticPreview (string,UnityEngine.Object[],int,int)
UnityEditor.AssetPreviewUpdater:CreatePreviewForAsset (UnityEngine.Object,UnityEngine.Object[],string)

[C:\buildslave\unity\build\Runtime/Serialize/SerializedFile.cpp line 998]

Invalid serialized file header. File: "VirtualArtifacts/Primary/0e9d5a909a1f7e84882a534d0d11e49f".
UnityEngine.StackTraceUtility:ExtractStackTrace ()
UnityEditor.MaterialEditor:GetPreviewType (UnityEngine.Material)
UnityEditor.MaterialEditor:DoRenderPreview (UnityEditor.PreviewRenderUtility,bool)
UnityEditor.MaterialEditor:RenderStaticPreview (string,UnityEngine.Object[],int,int)
UnityEditor.AssetPreviewUpdater:CreatePreviewForAsset (UnityEngine.Object,UnityEngine.Object[],string)

[C:\buildslave\unity\build\Runtime/Serialize/SerializedFile.cpp line 998]

Invalid serialized file header. File: "VirtualArtifacts/Primary/0e9d5a909a1f7e84882a534d0d11e49f".
UnityEngine.StackTraceUtility:ExtractStackTrace ()
UnityEditor.MaterialEditor:GetPreviewType (UnityEngine.Material)
UnityEditor.MaterialEditor:DoRenderPreview (UnityEditor.PreviewRenderUtility,bool)
UnityEditor.MaterialEditor:RenderStaticPreview (string,UnityEngine.Object[],int,int)
UnityEditor.AssetPreviewUpdater:CreatePreviewForAsset (UnityEngine.Object,UnityEngine.Object[],string)

[C:\buildslave\unity\build\Runtime/Serialize/SerializedFile.cpp line 998]

 -> (artifact id: '3a2afa14b88bc975591958aecdfd0776') in 0.016193 seconds
  Import took 0.053725 seconds .

========================================================================
Received Import Request.
  Time since last request: 0.000243 seconds.
  path: Assets/4K PBR Realistic Ground Textures/Materials/Paving_Stones1.mat
  artifactKey: Guid(99e6b8b1495c4f0419118d3f2c26ce35) Importer(815301076,1909f56bfc062723c751e8b465ee728b)
Start importing Assets/4K PBR Realistic Ground Textures/Materials/Paving_Stones1.mat using Guid(99e6b8b1495c4f0419118d3f2c26ce35) Importer(815301076,1909f56bfc062723c751e8b465ee728b) Invalid serialized file header. File: "VirtualArtifacts/Primary/0e9d5a909a1f7e84882a534d0d11e49f".

Invalid serialized file header. File: "VirtualArtifacts/Primary/0e9d5a909a1f7e84882a534d0d11e49f".
UnityEngine.StackTraceUtility:ExtractStackTrace ()
UnityEditor.Editor:CreateEditorWithContext (UnityEngine.Object[],UnityEngine.Object,System.Type)
UnityEditor.Editor:CreateEditor (UnityEngine.Object,System.Type)
UnityEditor.Editor:CreateEditor (UnityEngine.Object)
UnityEditor.AssetPreviewUpdater:CreatePreviewForAsset (UnityEngine.Object,UnityEngine.Object[],string)

[C:\buildslave\unity\build\Runtime/Serialize/SerializedFile.cpp line 998]

Invalid serialized file header. File: "VirtualArtifacts/Primary/0e9d5a909a1f7e84882a534d0d11e49f".
UnityEngine.StackTraceUtility:ExtractStackTrace ()
UnityEditor.Editor:CreateEditorWithContext (UnityEngine.Object[],UnityEngine.Object,System.Type)
UnityEditor.Editor:CreateEditor (UnityEngine.Object,System.Type)
UnityEditor.Editor:CreateEditor (UnityEngine.Object)
UnityEditor.AssetPreviewUpdater:CreatePreviewForAsset (UnityEngine.Object,UnityEngine.Object[],string)

[C:\buildslave\unity\build\Runtime/Serialize/SerializedFile.cpp line 998]

Invalid serialized file header. File: "VirtualArtifacts/Primary/0e9d5a909a1f7e84882a534d0d11e49f".
UnityEngine.StackTraceUtility:ExtractStackTrace ()
UnityEngine.Material:GetTag (string,bool,string)
UnityEditor.MaterialEditor:GetPreviewType (UnityEngine.Material)
UnityEditor.MaterialEditor:Awake ()
UnityEditor.Editor:CreateEditorWithContext (UnityEngine.Object[],UnityEngine.Object,System.Type)
UnityEditor.Editor:CreateEditor (UnityEngine.Object,System.Type)
UnityEditor.Editor:CreateEditor (UnityEngine.Object)
UnityEditor.AssetPreviewUpdater:CreatePreviewForAsset (UnityEngine.Object,UnityEngine.Object[],string)

[C:\buildslave\unity\build\Runtime/Serialize/SerializedFile.cpp line 998]

Invalid serialized file header. File: "VirtualArtifacts/Primary/0e9d5a909a1f7e84882a534d0d11e49f".
UnityEngine.StackTraceUtility:ExtractStackTrace ()
UnityEditor.MaterialEditor:GetPreviewType (UnityEngine.Material)
UnityEditor.MaterialEditor:Awake ()
UnityEditor.Editor:CreateEditorWithContext (UnityEngine.Object[],UnityEngine.Object,System.Type)
UnityEditor.Editor:CreateEditor (UnityEngine.Object,System.Type)
UnityEditor.Editor:CreateEditor (UnityEngine.Object)
UnityEditor.AssetPreviewUpdater:CreatePreviewForAsset (UnityEngine.Object,UnityEngine.Object[],string)

[C:\buildslave\unity\build\Runtime/Serialize/SerializedFile.cpp line 998]

Invalid serialized file header. File: "VirtualArtifacts/Primary/0e9d5a909a1f7e84882a534d0d11e49f".
UnityEngine.StackTraceUtility:ExtractStackTrace ()
UnityEditor.MaterialEditor:GetPreviewType (UnityEngine.Material)
UnityEditor.MaterialEditor:Awake ()
UnityEditor.Editor:CreateEditorWithContext (UnityEngine.Object[],UnityEngine.Object,System.Type)
UnityEditor.Editor:CreateEditor (UnityEngine.Object,System.Type)
UnityEditor.Editor:CreateEditor (UnityEngine.Object)
UnityEditor.AssetPreviewUpdater:CreatePreviewForAsset (UnityEngine.Object,UnityEngine.Object[],string)

[C:\buildslave\unity\build\Runtime/Serialize/SerializedFile.cpp line 998]

Invalid serialized file header. File: "VirtualArtifacts/Primary/0e9d5a909a1f7e84882a534d0d11e49f".
UnityEngine.StackTraceUtility:ExtractStackTrace ()
UnityEditor.SerializedProperty:get_objectReferenceValue ()
UnityEditor.MaterialEditor:OnEnable ()
UnityEditor.Editor:CreateEditorWithContext (UnityEngine.Object[],UnityEngine.Object,System.Type)
UnityEditor.Editor:CreateEditor (UnityEngine.Object,System.Type)
UnityEditor.Editor:CreateEditor (UnityEngine.Object)
UnityEditor.AssetPreviewUpdater:CreatePreviewForAsset (UnityEngine.Object,UnityEngine.Object[],string)

[C:\buildslave\unity\build\Runtime/Serialize/SerializedFile.cpp line 998]

Invalid serialized file header. File: "VirtualArtifacts/Primary/0e9d5a909a1f7e84882a534d0d11e49f".
UnityEngine.StackTraceUtility:ExtractStackTrace ()
UnityEditor.Utils.PerformanceChecks:CheckMaterial (UnityEngine.Material,UnityEditor.BuildTarget)
UnityEditor.MaterialEditor:PropertiesChanged ()
UnityEditor.MaterialEditor:OnEnable ()
UnityEditor.Editor:CreateEditorWithContext (UnityEngine.Object[],UnityEngine.Object,System.Type)
UnityEditor.Editor:CreateEditor (UnityEngine.Object,System.Type)
UnityEditor.Editor:CreateEditor (UnityEngine.Object)
UnityEditor.AssetPreviewUpdater:CreatePreviewForAsset (UnityEngine.Object,UnityEngine.Object[],string)

[C:\buildslave\unity\build\Runtime/Serialize/SerializedFile.cpp line 998]

Invalid serialized file header. File: "VirtualArtifacts/Primary/0e9d5a909a1f7e84882a534d0d11e49f".
UnityEngine.StackTraceUtility:ExtractStackTrace ()
UnityEditor.Utils.PerformanceChecks:CheckMaterial (UnityEngine.Material,UnityEditor.BuildTarget)
UnityEditor.MaterialEditor:PropertiesChanged ()
UnityEditor.MaterialEditor:OnEnable ()
UnityEditor.Editor:CreateEditorWithContext (UnityEngine.Object[],UnityEngine.Object,System.Type)
UnityEditor.Editor:CreateEditor (UnityEngine.Object,System.Type)
UnityEditor.Editor:CreateEditor (UnityEngine.Object)
UnityEditor.AssetPreviewUpdater:CreatePreviewForAsset (UnityEngine.Object,UnityEngine.Object[],string)

[C:\buildslave\unity\build\Runtime/Serialize/SerializedFile.cpp line 998]

Invalid serialized file header. File: "VirtualArtifacts/Primary/0e9d5a909a1f7e84882a534d0d11e49f".
UnityEngine.StackTraceUtility:ExtractStackTrace ()
UnityEditor.Utils.PerformanceChecks:CheckMaterial (UnityEngine.Material,UnityEditor.BuildTarget)
UnityEditor.MaterialEditor:PropertiesChanged ()
UnityEditor.MaterialEditor:OnEnable ()
UnityEditor.Editor:CreateEditorWithContext (UnityEngine.Object[],UnityEngine.Object,System.Type)
UnityEditor.Editor:CreateEditor (UnityEngine.Object,System.Type)
UnityEditor.Editor:CreateEditor (UnityEngine.Object)
UnityEditor.AssetPreviewUpdater:CreatePreviewForAsset (UnityEngine.Object,UnityEngine.Object[],string)

[C:\buildslave\unity\build\Runtime/Serialize/SerializedFile.cpp line 998]

Invalid serialized file header. File: "VirtualArtifacts/Primary/0e9d5a909a1f7e84882a534d0d11e49f".
UnityEngine.StackTraceUtility:ExtractStackTrace ()
UnityEngine.Material:GetTag (string,bool)
UnityEditor.Utils.PerformanceChecks:CheckMaterial (UnityEngine.Material,UnityEditor.BuildTarget)
UnityEditor.MaterialEditor:PropertiesChanged ()
UnityEditor.MaterialEditor:OnEnable ()
UnityEditor.Editor:CreateEditorWithContext (UnityEngine.Object[],UnityEngine.Object,System.Type)
UnityEditor.Editor:CreateEditor (UnityEngine.Object,System.Type)
UnityEditor.Editor:CreateEditor (UnityEngine.Object)
UnityEditor.AssetPreviewUpdater:CreatePreviewForAsset (UnityEngine.Object,UnityEngine.Object[],string)

[C:\buildslave\unity\build\Runtime/Serialize/SerializedFile.cpp line 998]

Invalid serialized file header. File: "VirtualArtifacts/Primary/0e9d5a909a1f7e84882a534d0d11e49f".
UnityEngine.StackTraceUtility:ExtractStackTrace ()
UnityEngine.Material:HasProperty (string)
UnityEditor.Utils.PerformanceChecks:CheckMaterial (UnityEngine.Material,UnityEditor.BuildTarget)
UnityEditor.MaterialEditor:PropertiesChanged ()
UnityEditor.MaterialEditor:OnEnable ()
UnityEditor.Editor:CreateEditorWithContext (UnityEngine.Object[],UnityEngine.Object,System.Type)
UnityEditor.Editor:CreateEditor (UnityEngine.Object,System.Type)
UnityEditor.Editor:CreateEditor (UnityEngine.Object)
UnityEditor.AssetPreviewUpdater:CreatePreviewForAsset (UnityEngine.Object,UnityEngine.Object[],string)

[C:\buildslave\unity\build\Runtime/Serialize/SerializedFile.cpp line 998]

Invalid serialized file header. File: "VirtualArtifacts/Primary/0e9d5a909a1f7e84882a534d0d11e49f".
UnityEngine.StackTraceUtility:ExtractStackTrace ()
UnityEngine.Material:GetTag (string,bool,string)
UnityEditor.MaterialEditor:GetPreviewType (UnityEngine.Material)
UnityEditor.MaterialEditor:DoRenderPreview (UnityEditor.PreviewRenderUtility,bool)
UnityEditor.MaterialEditor:RenderStaticPreview (string,UnityEngine.Object[],int,int)
UnityEditor.AssetPreviewUpdater:CreatePreviewForAsset (UnityEngine.Object,UnityEngine.Object[],string)

[C:\buildslave\unity\build\Runtime/Serialize/SerializedFile.cpp line 998]

Invalid serialized file header. File: "VirtualArtifacts/Primary/0e9d5a909a1f7e84882a534d0d11e49f".
UnityEngine.StackTraceUtility:ExtractStackTrace ()
UnityEditor.MaterialEditor:GetPreviewType (UnityEngine.Material)
UnityEditor.MaterialEditor:DoRenderPreview (UnityEditor.PreviewRenderUtility,bool)
UnityEditor.MaterialEditor:RenderStaticPreview (string,UnityEngine.Object[],int,int)
UnityEditor.AssetPreviewUpdater:CreatePreviewForAsset (UnityEngine.Object,UnityEngine.Object[],string)

[C:\buildslave\unity\build\Runtime/Serialize/SerializedFile.cpp line 998]

Invalid serialized file header. File: "VirtualArtifacts/Primary/0e9d5a909a1f7e84882a534d0d11e49f".
UnityEngine.StackTraceUtility:ExtractStackTrace ()
UnityEditor.MaterialEditor:GetPreviewType (UnityEngine.Material)
UnityEditor.MaterialEditor:DoRenderPreview (UnityEditor.PreviewRenderUtility,bool)
UnityEditor.MaterialEditor:RenderStaticPreview (string,UnityEngine.Object[],int,int)
UnityEditor.AssetPreviewUpdater:CreatePreviewForAsset (UnityEngine.Object,UnityEngine.Object[],string)

[C:\buildslave\unity\build\Runtime/Serialize/SerializedFile.cpp line 998]

 -> (artifact id: 'fc24503d678c12ba5f34140790e54551') in 0.056735 seconds
  Import took 0.092326 seconds .

========================================================================
Received Import Request.
  Time since last request: 0.000213 seconds.
  path: Assets/4K PBR Realistic Ground Textures/Materials/Asphalt1.mat
  artifactKey: Guid(ec9423beffb6a4c46aa8c307ce892f67) Importer(815301076,1909f56bfc062723c751e8b465ee728b)
Start importing Assets/4K PBR Realistic Ground Textures/Materials/Asphalt1.mat using Guid(ec9423beffb6a4c46aa8c307ce892f67) Importer(815301076,1909f56bfc062723c751e8b465ee728b) Invalid serialized file header. File: "VirtualArtifacts/Primary/0e9d5a909a1f7e84882a534d0d11e49f".

Invalid serialized file header. File: "VirtualArtifacts/Primary/0e9d5a909a1f7e84882a534d0d11e49f".
UnityEngine.StackTraceUtility:ExtractStackTrace ()
UnityEditor.Editor:CreateEditorWithContext (UnityEngine.Object[],UnityEngine.Object,System.Type)
UnityEditor.Editor:CreateEditor (UnityEngine.Object,System.Type)
UnityEditor.Editor:CreateEditor (UnityEngine.Object)
UnityEditor.AssetPreviewUpdater:CreatePreviewForAsset (UnityEngine.Object,UnityEngine.Object[],string)

[C:\buildslave\unity\build\Runtime/Serialize/SerializedFile.cpp line 998]

Invalid serialized file header. File: "VirtualArtifacts/Primary/0e9d5a909a1f7e84882a534d0d11e49f".
UnityEngine.StackTraceUtility:ExtractStackTrace ()
UnityEditor.Editor:CreateEditorWithContext (UnityEngine.Object[],UnityEngine.Object,System.Type)
UnityEditor.Editor:CreateEditor (UnityEngine.Object,System.Type)
UnityEditor.Editor:CreateEditor (UnityEngine.Object)
UnityEditor.AssetPreviewUpdater:CreatePreviewForAsset (UnityEngine.Object,UnityEngine.Object[],string)

[C:\buildslave\unity\build\Runtime/Serialize/SerializedFile.cpp line 998]

Invalid serialized file header. File: "VirtualArtifacts/Primary/0e9d5a909a1f7e84882a534d0d11e49f".
UnityEngine.StackTraceUtility:ExtractStackTrace ()
UnityEngine.Material:GetTag (string,bool,string)
UnityEditor.MaterialEditor:GetPreviewType (UnityEngine.Material)
UnityEditor.MaterialEditor:Awake ()
UnityEditor.Editor:CreateEditorWithContext (UnityEngine.Object[],UnityEngine.Object,System.Type)
UnityEditor.Editor:CreateEditor (UnityEngine.Object,System.Type)
UnityEditor.Editor:CreateEditor (UnityEngine.Object)
UnityEditor.AssetPreviewUpdater:CreatePreviewForAsset (UnityEngine.Object,UnityEngine.Object[],string)

[C:\buildslave\unity\build\Runtime/Serialize/SerializedFile.cpp line 998]

Invalid serialized file header. File: "VirtualArtifacts/Primary/0e9d5a909a1f7e84882a534d0d11e49f".
UnityEngine.StackTraceUtility:ExtractStackTrace ()
UnityEditor.MaterialEditor:GetPreviewType (UnityEngine.Material)
UnityEditor.MaterialEditor:Awake ()
UnityEditor.Editor:CreateEditorWithContext (UnityEngine.Object[],UnityEngine.Object,System.Type)
UnityEditor.Editor:CreateEditor (UnityEngine.Object,System.Type)
UnityEditor.Editor:CreateEditor (UnityEngine.Object)
UnityEditor.AssetPreviewUpdater:CreatePreviewForAsset (UnityEngine.Object,UnityEngine.Object[],string)

[C:\buildslave\unity\build\Runtime/Serialize/SerializedFile.cpp line 998]

Invalid serialized file header. File: "VirtualArtifacts/Primary/0e9d5a909a1f7e84882a534d0d11e49f".
UnityEngine.StackTraceUtility:ExtractStackTrace ()
UnityEditor.MaterialEditor:GetPreviewType (UnityEngine.Material)
UnityEditor.MaterialEditor:Awake ()
UnityEditor.Editor:CreateEditorWithContext (UnityEngine.Object[],UnityEngine.Object,System.Type)
UnityEditor.Editor:CreateEditor (UnityEngine.Object,System.Type)
UnityEditor.Editor:CreateEditor (UnityEngine.Object)
UnityEditor.AssetPreviewUpdater:CreatePreviewForAsset (UnityEngine.Object,UnityEngine.Object[],string)

[C:\buildslave\unity\build\Runtime/Serialize/SerializedFile.cpp line 998]

Invalid serialized file header. File: "VirtualArtifacts/Primary/0e9d5a909a1f7e84882a534d0d11e49f".
UnityEngine.StackTraceUtility:ExtractStackTrace ()
UnityEditor.SerializedProperty:get_objectReferenceValue ()
UnityEditor.MaterialEditor:OnEnable ()
UnityEditor.Editor:CreateEditorWithContext (UnityEngine.Object[],UnityEngine.Object,System.Type)
UnityEditor.Editor:CreateEditor (UnityEngine.Object,System.Type)
UnityEditor.Editor:CreateEditor (UnityEngine.Object)
UnityEditor.AssetPreviewUpdater:CreatePreviewForAsset (UnityEngine.Object,UnityEngine.Object[],string)

[C:\buildslave\unity\build\Runtime/Serialize/SerializedFile.cpp line 998]

Invalid serialized file header. File: "VirtualArtifacts/Primary/0e9d5a909a1f7e84882a534d0d11e49f".
UnityEngine.StackTraceUtility:ExtractStackTrace ()
UnityEditor.Utils.PerformanceChecks:CheckMaterial (UnityEngine.Material,UnityEditor.BuildTarget)
UnityEditor.MaterialEditor:PropertiesChanged ()
UnityEditor.MaterialEditor:OnEnable ()
UnityEditor.Editor:CreateEditorWithContext (UnityEngine.Object[],UnityEngine.Object,System.Type)
UnityEditor.Editor:CreateEditor (UnityEngine.Object,System.Type)
UnityEditor.Editor:CreateEditor (UnityEngine.Object)
UnityEditor.AssetPreviewUpdater:CreatePreviewForAsset (UnityEngine.Object,UnityEngine.Object[],string)

[C:\buildslave\unity\build\Runtime/Serialize/SerializedFile.cpp line 998]

Invalid serialized file header. File: "VirtualArtifacts/Primary/0e9d5a909a1f7e84882a534d0d11e49f".
UnityEngine.StackTraceUtility:ExtractStackTrace ()
UnityEditor.Utils.PerformanceChecks:CheckMaterial (UnityEngine.Material,UnityEditor.BuildTarget)
UnityEditor.MaterialEditor:PropertiesChanged ()
UnityEditor.MaterialEditor:OnEnable ()
UnityEditor.Editor:CreateEditorWithContext (UnityEngine.Object[],UnityEngine.Object,System.Type)
UnityEditor.Editor:CreateEditor (UnityEngine.Object,System.Type)
UnityEditor.Editor:CreateEditor (UnityEngine.Object)
UnityEditor.AssetPreviewUpdater:CreatePreviewForAsset (UnityEngine.Object,UnityEngine.Object[],string)

[C:\buildslave\unity\build\Runtime/Serialize/SerializedFile.cpp line 998]

Invalid serialized file header. File: "VirtualArtifacts/Primary/0e9d5a909a1f7e84882a534d0d11e49f".
UnityEngine.StackTraceUtility:ExtractStackTrace ()
UnityEditor.Utils.PerformanceChecks:CheckMaterial (UnityEngine.Material,UnityEditor.BuildTarget)
UnityEditor.MaterialEditor:PropertiesChanged ()
UnityEditor.MaterialEditor:OnEnable ()
UnityEditor.Editor:CreateEditorWithContext (UnityEngine.Object[],UnityEngine.Object,System.Type)
UnityEditor.Editor:CreateEditor (UnityEngine.Object,System.Type)
UnityEditor.Editor:CreateEditor (UnityEngine.Object)
UnityEditor.AssetPreviewUpdater:CreatePreviewForAsset (UnityEngine.Object,UnityEngine.Object[],string)

[C:\buildslave\unity\build\Runtime/Serialize/SerializedFile.cpp line 998]

Invalid serialized file header. File: "VirtualArtifacts/Primary/0e9d5a909a1f7e84882a534d0d11e49f".
UnityEngine.StackTraceUtility:ExtractStackTrace ()
UnityEngine.Material:GetTag (string,bool)
UnityEditor.Utils.PerformanceChecks:CheckMaterial (UnityEngine.Material,UnityEditor.BuildTarget)
UnityEditor.MaterialEditor:PropertiesChanged ()
UnityEditor.MaterialEditor:OnEnable ()
UnityEditor.Editor:CreateEditorWithContext (UnityEngine.Object[],UnityEngine.Object,System.Type)
UnityEditor.Editor:CreateEditor (UnityEngine.Object,System.Type)
UnityEditor.Editor:CreateEditor (UnityEngine.Object)
UnityEditor.AssetPreviewUpdater:CreatePreviewForAsset (UnityEngine.Object,UnityEngine.Object[],string)

[C:\buildslave\unity\build\Runtime/Serialize/SerializedFile.cpp line 998]

Invalid serialized file header. File: "VirtualArtifacts/Primary/0e9d5a909a1f7e84882a534d0d11e49f".
UnityEngine.StackTraceUtility:ExtractStackTrace ()
UnityEngine.Material:HasProperty (string)
UnityEditor.Utils.PerformanceChecks:CheckMaterial (UnityEngine.Material,UnityEditor.BuildTarget)
UnityEditor.MaterialEditor:PropertiesChanged ()
UnityEditor.MaterialEditor:OnEnable ()
UnityEditor.Editor:CreateEditorWithContext (UnityEngine.Object[],UnityEngine.Object,System.Type)
UnityEditor.Editor:CreateEditor (UnityEngine.Object,System.Type)
UnityEditor.Editor:CreateEditor (UnityEngine.Object)
UnityEditor.AssetPreviewUpdater:CreatePreviewForAsset (UnityEngine.Object,UnityEngine.Object[],string)

[C:\buildslave\unity\build\Runtime/Serialize/SerializedFile.cpp line 998]

Invalid serialized file header. File: "VirtualArtifacts/Primary/0e9d5a909a1f7e84882a534d0d11e49f".
UnityEngine.StackTraceUtility:ExtractStackTrace ()
UnityEngine.Material:GetTag (string,bool,string)
UnityEditor.MaterialEditor:GetPreviewType (UnityEngine.Material)
UnityEditor.MaterialEditor:DoRenderPreview (UnityEditor.PreviewRenderUtility,bool)
UnityEditor.MaterialEditor:RenderStaticPreview (string,UnityEngine.Object[],int,int)
UnityEditor.AssetPreviewUpdater:CreatePreviewForAsset (UnityEngine.Object,UnityEngine.Object[],string)

[C:\buildslave\unity\build\Runtime/Serialize/SerializedFile.cpp line 998]

Invalid serialized file header. File: "VirtualArtifacts/Primary/0e9d5a909a1f7e84882a534d0d11e49f".
UnityEngine.StackTraceUtility:ExtractStackTrace ()
UnityEditor.MaterialEditor:GetPreviewType (UnityEngine.Material)
UnityEditor.MaterialEditor:DoRenderPreview (UnityEditor.PreviewRenderUtility,bool)
UnityEditor.MaterialEditor:RenderStaticPreview (string,UnityEngine.Object[],int,int)
UnityEditor.AssetPreviewUpdater:CreatePreviewForAsset (UnityEngine.Object,UnityEngine.Object[],string)

[C:\buildslave\unity\build\Runtime/Serialize/SerializedFile.cpp line 998]

Invalid serialized file header. File: "VirtualArtifacts/Primary/0e9d5a909a1f7e84882a534d0d11e49f".
UnityEngine.StackTraceUtility:ExtractStackTrace ()
UnityEditor.MaterialEditor:GetPreviewType (UnityEngine.Material)
UnityEditor.MaterialEditor:DoRenderPreview (UnityEditor.PreviewRenderUtility,bool)
UnityEditor.MaterialEditor:RenderStaticPreview (string,UnityEngine.Object[],int,int)
UnityEditor.AssetPreviewUpdater:CreatePreviewForAsset (UnityEngine.Object,UnityEngine.Object[],string)

[C:\buildslave\unity\build\Runtime/Serialize/SerializedFile.cpp line 998]

 -> (artifact id: '1824774e96f17011248705721f4da7c8') in 0.015672 seconds
  Import took 0.050134 seconds .

========================================================================
Received Import Request.
  Time since last request: 0.000243 seconds.
  path: Assets/4K PBR Realistic Ground Textures/Materials/Asphalt2.mat
  artifactKey: Guid(ebdf3f30fbd77f44c89c42b90d4e6df4) Importer(815301076,1909f56bfc062723c751e8b465ee728b)
Start importing Assets/4K PBR Realistic Ground Textures/Materials/Asphalt2.mat using Guid(ebdf3f30fbd77f44c89c42b90d4e6df4) Importer(815301076,1909f56bfc062723c751e8b465ee728b) Invalid serialized file header. File: "VirtualArtifacts/Primary/0e9d5a909a1f7e84882a534d0d11e49f".

Invalid serialized file header. File: "VirtualArtifacts/Primary/0e9d5a909a1f7e84882a534d0d11e49f".
UnityEngine.StackTraceUtility:ExtractStackTrace ()
UnityEditor.Editor:CreateEditorWithContext (UnityEngine.Object[],UnityEngine.Object,System.Type)
UnityEditor.Editor:CreateEditor (UnityEngine.Object,System.Type)
UnityEditor.Editor:CreateEditor (UnityEngine.Object)
UnityEditor.AssetPreviewUpdater:CreatePreviewForAsset (UnityEngine.Object,UnityEngine.Object[],string)

[C:\buildslave\unity\build\Runtime/Serialize/SerializedFile.cpp line 998]

Invalid serialized file header. File: "VirtualArtifacts/Primary/0e9d5a909a1f7e84882a534d0d11e49f".
UnityEngine.StackTraceUtility:ExtractStackTrace ()
UnityEditor.Editor:CreateEditorWithContext (UnityEngine.Object[],UnityEngine.Object,System.Type)
UnityEditor.Editor:CreateEditor (UnityEngine.Object,System.Type)
UnityEditor.Editor:CreateEditor (UnityEngine.Object)
UnityEditor.AssetPreviewUpdater:CreatePreviewForAsset (UnityEngine.Object,UnityEngine.Object[],string)

[C:\buildslave\unity\build\Runtime/Serialize/SerializedFile.cpp line 998]

Invalid serialized file header. File: "VirtualArtifacts/Primary/0e9d5a909a1f7e84882a534d0d11e49f".
UnityEngine.StackTraceUtility:ExtractStackTrace ()
UnityEngine.Material:GetTag (string,bool,string)
UnityEditor.MaterialEditor:GetPreviewType (UnityEngine.Material)
UnityEditor.MaterialEditor:Awake ()
UnityEditor.Editor:CreateEditorWithContext (UnityEngine.Object[],UnityEngine.Object,System.Type)
UnityEditor.Editor:CreateEditor (UnityEngine.Object,System.Type)
UnityEditor.Editor:CreateEditor (UnityEngine.Object)
UnityEditor.AssetPreviewUpdater:CreatePreviewForAsset (UnityEngine.Object,UnityEngine.Object[],string)

[C:\buildslave\unity\build\Runtime/Serialize/SerializedFile.cpp line 998]

Invalid serialized file header. File: "VirtualArtifacts/Primary/0e9d5a909a1f7e84882a534d0d11e49f".
UnityEngine.StackTraceUtility:ExtractStackTrace ()
UnityEditor.MaterialEditor:GetPreviewType (UnityEngine.Material)
UnityEditor.MaterialEditor:Awake ()
UnityEditor.Editor:CreateEditorWithContext (UnityEngine.Object[],UnityEngine.Object,System.Type)
UnityEditor.Editor:CreateEditor (UnityEngine.Object,System.Type)
UnityEditor.Editor:CreateEditor (UnityEngine.Object)
UnityEditor.AssetPreviewUpdater:CreatePreviewForAsset (UnityEngine.Object,UnityEngine.Object[],string)

[C:\buildslave\unity\build\Runtime/Serialize/SerializedFile.cpp line 998]

Invalid serialized file header. File: "VirtualArtifacts/Primary/0e9d5a909a1f7e84882a534d0d11e49f".
UnityEngine.StackTraceUtility:ExtractStackTrace ()
UnityEditor.MaterialEditor:GetPreviewType (UnityEngine.Material)
UnityEditor.MaterialEditor:Awake ()
UnityEditor.Editor:CreateEditorWithContext (UnityEngine.Object[],UnityEngine.Object,System.Type)
UnityEditor.Editor:CreateEditor (UnityEngine.Object,System.Type)
UnityEditor.Editor:CreateEditor (UnityEngine.Object)
UnityEditor.AssetPreviewUpdater:CreatePreviewForAsset (UnityEngine.Object,UnityEngine.Object[],string)

[C:\buildslave\unity\build\Runtime/Serialize/SerializedFile.cpp line 998]

Invalid serialized file header. File: "VirtualArtifacts/Primary/0e9d5a909a1f7e84882a534d0d11e49f".
UnityEngine.StackTraceUtility:ExtractStackTrace ()
UnityEditor.SerializedProperty:get_objectReferenceValue ()
UnityEditor.MaterialEditor:OnEnable ()
UnityEditor.Editor:CreateEditorWithContext (UnityEngine.Object[],UnityEngine.Object,System.Type)
UnityEditor.Editor:CreateEditor (UnityEngine.Object,System.Type)
UnityEditor.Editor:CreateEditor (UnityEngine.Object)
UnityEditor.AssetPreviewUpdater:CreatePreviewForAsset (UnityEngine.Object,UnityEngine.Object[],string)

[C:\buildslave\unity\build\Runtime/Serialize/SerializedFile.cpp line 998]

Invalid serialized file header. File: "VirtualArtifacts/Primary/0e9d5a909a1f7e84882a534d0d11e49f".
UnityEngine.StackTraceUtility:ExtractStackTrace ()
UnityEditor.Utils.PerformanceChecks:CheckMaterial (UnityEngine.Material,UnityEditor.BuildTarget)
UnityEditor.MaterialEditor:PropertiesChanged ()
UnityEditor.MaterialEditor:OnEnable ()
UnityEditor.Editor:CreateEditorWithContext (UnityEngine.Object[],UnityEngine.Object,System.Type)
UnityEditor.Editor:CreateEditor (UnityEngine.Object,System.Type)
UnityEditor.Editor:CreateEditor (UnityEngine.Object)
UnityEditor.AssetPreviewUpdater:CreatePreviewForAsset (UnityEngine.Object,UnityEngine.Object[],string)

[C:\buildslave\unity\build\Runtime/Serialize/SerializedFile.cpp line 998]

Invalid serialized file header. File: "VirtualArtifacts/Primary/0e9d5a909a1f7e84882a534d0d11e49f".
UnityEngine.StackTraceUtility:ExtractStackTrace ()
UnityEditor.Utils.PerformanceChecks:CheckMaterial (UnityEngine.Material,UnityEditor.BuildTarget)
UnityEditor.MaterialEditor:PropertiesChanged ()
UnityEditor.MaterialEditor:OnEnable ()
UnityEditor.Editor:CreateEditorWithContext (UnityEngine.Object[],UnityEngine.Object,System.Type)
UnityEditor.Editor:CreateEditor (UnityEngine.Object,System.Type)
UnityEditor.Editor:CreateEditor (UnityEngine.Object)
UnityEditor.AssetPreviewUpdater:CreatePreviewForAsset (UnityEngine.Object,UnityEngine.Object[],string)

[C:\buildslave\unity\build\Runtime/Serialize/SerializedFile.cpp line 998]

Invalid serialized file header. File: "VirtualArtifacts/Primary/0e9d5a909a1f7e84882a534d0d11e49f".
UnityEngine.StackTraceUtility:ExtractStackTrace ()
UnityEditor.Utils.PerformanceChecks:CheckMaterial (UnityEngine.Material,UnityEditor.BuildTarget)
UnityEditor.MaterialEditor:PropertiesChanged ()
UnityEditor.MaterialEditor:OnEnable ()
UnityEditor.Editor:CreateEditorWithContext (UnityEngine.Object[],UnityEngine.Object,System.Type)
UnityEditor.Editor:CreateEditor (UnityEngine.Object,System.Type)
UnityEditor.Editor:CreateEditor (UnityEngine.Object)
UnityEditor.AssetPreviewUpdater:CreatePreviewForAsset (UnityEngine.Object,UnityEngine.Object[],string)

[C:\buildslave\unity\build\Runtime/Serialize/SerializedFile.cpp line 998]

Invalid serialized file header. File: "VirtualArtifacts/Primary/0e9d5a909a1f7e84882a534d0d11e49f".
UnityEngine.StackTraceUtility:ExtractStackTrace ()
UnityEngine.Material:GetTag (string,bool)
UnityEditor.Utils.PerformanceChecks:CheckMaterial (UnityEngine.Material,UnityEditor.BuildTarget)
UnityEditor.MaterialEditor:PropertiesChanged ()
UnityEditor.MaterialEditor:OnEnable ()
UnityEditor.Editor:CreateEditorWithContext (UnityEngine.Object[],UnityEngine.Object,System.Type)
UnityEditor.Editor:CreateEditor (UnityEngine.Object,System.Type)
UnityEditor.Editor:CreateEditor (UnityEngine.Object)
UnityEditor.AssetPreviewUpdater:CreatePreviewForAsset (UnityEngine.Object,UnityEngine.Object[],string)

[C:\buildslave\unity\build\Runtime/Serialize/SerializedFile.cpp line 998]

Invalid serialized file header. File: "VirtualArtifacts/Primary/0e9d5a909a1f7e84882a534d0d11e49f".
UnityEngine.StackTraceUtility:ExtractStackTrace ()
UnityEngine.Material:HasProperty (string)
UnityEditor.Utils.PerformanceChecks:CheckMaterial (UnityEngine.Material,UnityEditor.BuildTarget)
UnityEditor.MaterialEditor:PropertiesChanged ()
UnityEditor.MaterialEditor:OnEnable ()
UnityEditor.Editor:CreateEditorWithContext (UnityEngine.Object[],UnityEngine.Object,System.Type)
UnityEditor.Editor:CreateEditor (UnityEngine.Object,System.Type)
UnityEditor.Editor:CreateEditor (UnityEngine.Object)
UnityEditor.AssetPreviewUpdater:CreatePreviewForAsset (UnityEngine.Object,UnityEngine.Object[],string)

[C:\buildslave\unity\build\Runtime/Serialize/SerializedFile.cpp line 998]

Invalid serialized file header. File: "VirtualArtifacts/Primary/0e9d5a909a1f7e84882a534d0d11e49f".
UnityEngine.StackTraceUtility:ExtractStackTrace ()
UnityEngine.Material:GetTag (string,bool,string)
UnityEditor.MaterialEditor:GetPreviewType (UnityEngine.Material)
UnityEditor.MaterialEditor:DoRenderPreview (UnityEditor.PreviewRenderUtility,bool)
UnityEditor.MaterialEditor:RenderStaticPreview (string,UnityEngine.Object[],int,int)
UnityEditor.AssetPreviewUpdater:CreatePreviewForAsset (UnityEngine.Object,UnityEngine.Object[],string)

[C:\buildslave\unity\build\Runtime/Serialize/SerializedFile.cpp line 998]

Invalid serialized file header. File: "VirtualArtifacts/Primary/0e9d5a909a1f7e84882a534d0d11e49f".
UnityEngine.StackTraceUtility:ExtractStackTrace ()
UnityEditor.MaterialEditor:GetPreviewType (UnityEngine.Material)
UnityEditor.MaterialEditor:DoRenderPreview (UnityEditor.PreviewRenderUtility,bool)
UnityEditor.MaterialEditor:RenderStaticPreview (string,UnityEngine.Object[],int,int)
UnityEditor.AssetPreviewUpdater:CreatePreviewForAsset (UnityEngine.Object,UnityEngine.Object[],string)

[C:\buildslave\unity\build\Runtime/Serialize/SerializedFile.cpp line 998]

Invalid serialized file header. File: "VirtualArtifacts/Primary/0e9d5a909a1f7e84882a534d0d11e49f".
UnityEngine.StackTraceUtility:ExtractStackTrace ()
UnityEditor.MaterialEditor:GetPreviewType (UnityEngine.Material)
UnityEditor.MaterialEditor:DoRenderPreview (UnityEditor.PreviewRenderUtility,bool)
UnityEditor.MaterialEditor:RenderStaticPreview (string,UnityEngine.Object[],int,int)
UnityEditor.AssetPreviewUpdater:CreatePreviewForAsset (UnityEngine.Object,UnityEngine.Object[],string)

[C:\buildslave\unity\build\Runtime/Serialize/SerializedFile.cpp line 998]

 -> (artifact id: 'e6e24c61243b365ee8b0dcfa322d0c1c') in 0.016246 seconds
  Import took 0.021696 seconds .

========================================================================
Received Import Request.
  Time since last request: 0.000239 seconds.
  path: Assets/4K PBR Realistic Ground Textures/Materials/Paving_Stones2_Wet.mat
  artifactKey: Guid(4bff0a6340bc91a47b5f470f57519099) Importer(815301076,1909f56bfc062723c751e8b465ee728b)
Start importing Assets/4K PBR Realistic Ground Textures/Materials/Paving_Stones2_Wet.mat using Guid(4bff0a6340bc91a47b5f470f57519099) Importer(815301076,1909f56bfc062723c751e8b465ee728b) Invalid serialized file header. File: "VirtualArtifacts/Primary/0e9d5a909a1f7e84882a534d0d11e49f".

Invalid serialized file header. File: "VirtualArtifacts/Primary/0e9d5a909a1f7e84882a534d0d11e49f".
UnityEngine.StackTraceUtility:ExtractStackTrace ()
UnityEditor.Editor:CreateEditorWithContext (UnityEngine.Object[],UnityEngine.Object,System.Type)
UnityEditor.Editor:CreateEditor (UnityEngine.Object,System.Type)
UnityEditor.Editor:CreateEditor (UnityEngine.Object)
UnityEditor.AssetPreviewUpdater:CreatePreviewForAsset (UnityEngine.Object,UnityEngine.Object[],string)

[C:\buildslave\unity\build\Runtime/Serialize/SerializedFile.cpp line 998]

Invalid serialized file header. File: "VirtualArtifacts/Primary/0e9d5a909a1f7e84882a534d0d11e49f".
UnityEngine.StackTraceUtility:ExtractStackTrace ()
UnityEditor.Editor:CreateEditorWithContext (UnityEngine.Object[],UnityEngine.Object,System.Type)
UnityEditor.Editor:CreateEditor (UnityEngine.Object,System.Type)
UnityEditor.Editor:CreateEditor (UnityEngine.Object)
UnityEditor.AssetPreviewUpdater:CreatePreviewForAsset (UnityEngine.Object,UnityEngine.Object[],string)

[C:\buildslave\unity\build\Runtime/Serialize/SerializedFile.cpp line 998]

Invalid serialized file header. File: "VirtualArtifacts/Primary/0e9d5a909a1f7e84882a534d0d11e49f".
UnityEngine.StackTraceUtility:ExtractStackTrace ()
UnityEngine.Material:GetTag (string,bool,string)
UnityEditor.MaterialEditor:GetPreviewType (UnityEngine.Material)
UnityEditor.MaterialEditor:Awake ()
UnityEditor.Editor:CreateEditorWithContext (UnityEngine.Object[],UnityEngine.Object,System.Type)
UnityEditor.Editor:CreateEditor (UnityEngine.Object,System.Type)
UnityEditor.Editor:CreateEditor (UnityEngine.Object)
UnityEditor.AssetPreviewUpdater:CreatePreviewForAsset (UnityEngine.Object,UnityEngine.Object[],string)

[C:\buildslave\unity\build\Runtime/Serialize/SerializedFile.cpp line 998]

Invalid serialized file header. File: "VirtualArtifacts/Primary/0e9d5a909a1f7e84882a534d0d11e49f".
UnityEngine.StackTraceUtility:ExtractStackTrace ()
UnityEditor.MaterialEditor:GetPreviewType (UnityEngine.Material)
UnityEditor.MaterialEditor:Awake ()
UnityEditor.Editor:CreateEditorWithContext (UnityEngine.Object[],UnityEngine.Object,System.Type)
UnityEditor.Editor:CreateEditor (UnityEngine.Object,System.Type)
UnityEditor.Editor:CreateEditor (UnityEngine.Object)
UnityEditor.AssetPreviewUpdater:CreatePreviewForAsset (UnityEngine.Object,UnityEngine.Object[],string)

[C:\buildslave\unity\build\Runtime/Serialize/SerializedFile.cpp line 998]

Invalid serialized file header. File: "VirtualArtifacts/Primary/0e9d5a909a1f7e84882a534d0d11e49f".
UnityEngine.StackTraceUtility:ExtractStackTrace ()
UnityEditor.MaterialEditor:GetPreviewType (UnityEngine.Material)
UnityEditor.MaterialEditor:Awake ()
UnityEditor.Editor:CreateEditorWithContext (UnityEngine.Object[],UnityEngine.Object,System.Type)
UnityEditor.Editor:CreateEditor (UnityEngine.Object,System.Type)
UnityEditor.Editor:CreateEditor (UnityEngine.Object)
UnityEditor.AssetPreviewUpdater:CreatePreviewForAsset (UnityEngine.Object,UnityEngine.Object[],string)

[C:\buildslave\unity\build\Runtime/Serialize/SerializedFile.cpp line 998]

Invalid serialized file header. File: "VirtualArtifacts/Primary/0e9d5a909a1f7e84882a534d0d11e49f".
UnityEngine.StackTraceUtility:ExtractStackTrace ()
UnityEditor.SerializedProperty:get_objectReferenceValue ()
UnityEditor.MaterialEditor:OnEnable ()
UnityEditor.Editor:CreateEditorWithContext (UnityEngine.Object[],UnityEngine.Object,System.Type)
UnityEditor.Editor:CreateEditor (UnityEngine.Object,System.Type)
UnityEditor.Editor:CreateEditor (UnityEngine.Object)
UnityEditor.AssetPreviewUpdater:CreatePreviewForAsset (UnityEngine.Object,UnityEngine.Object[],string)

[C:\buildslave\unity\build\Runtime/Serialize/SerializedFile.cpp line 998]

Invalid serialized file header. File: "VirtualArtifacts/Primary/0e9d5a909a1f7e84882a534d0d11e49f".
UnityEngine.StackTraceUtility:ExtractStackTrace ()
UnityEditor.Utils.PerformanceChecks:CheckMaterial (UnityEngine.Material,UnityEditor.BuildTarget)
UnityEditor.MaterialEditor:PropertiesChanged ()
UnityEditor.MaterialEditor:OnEnable ()
UnityEditor.Editor:CreateEditorWithContext (UnityEngine.Object[],UnityEngine.Object,System.Type)
UnityEditor.Editor:CreateEditor (UnityEngine.Object,System.Type)
UnityEditor.Editor:CreateEditor (UnityEngine.Object)
UnityEditor.AssetPreviewUpdater:CreatePreviewForAsset (UnityEngine.Object,UnityEngine.Object[],string)

[C:\buildslave\unity\build\Runtime/Serialize/SerializedFile.cpp line 998]

Invalid serialized file header. File: "VirtualArtifacts/Primary/0e9d5a909a1f7e84882a534d0d11e49f".
UnityEngine.StackTraceUtility:ExtractStackTrace ()
UnityEditor.Utils.PerformanceChecks:CheckMaterial (UnityEngine.Material,UnityEditor.BuildTarget)
UnityEditor.MaterialEditor:PropertiesChanged ()
UnityEditor.MaterialEditor:OnEnable ()
UnityEditor.Editor:CreateEditorWithContext (UnityEngine.Object[],UnityEngine.Object,System.Type)
UnityEditor.Editor:CreateEditor (UnityEngine.Object,System.Type)
UnityEditor.Editor:CreateEditor (UnityEngine.Object)
UnityEditor.AssetPreviewUpdater:CreatePreviewForAsset (UnityEngine.Object,UnityEngine.Object[],string)

[C:\buildslave\unity\build\Runtime/Serialize/SerializedFile.cpp line 998]

Invalid serialized file header. File: "VirtualArtifacts/Primary/0e9d5a909a1f7e84882a534d0d11e49f".
UnityEngine.StackTraceUtility:ExtractStackTrace ()
UnityEditor.Utils.PerformanceChecks:CheckMaterial (UnityEngine.Material,UnityEditor.BuildTarget)
UnityEditor.MaterialEditor:PropertiesChanged ()
UnityEditor.MaterialEditor:OnEnable ()
UnityEditor.Editor:CreateEditorWithContext (UnityEngine.Object[],UnityEngine.Object,System.Type)
UnityEditor.Editor:CreateEditor (UnityEngine.Object,System.Type)
UnityEditor.Editor:CreateEditor (UnityEngine.Object)
UnityEditor.AssetPreviewUpdater:CreatePreviewForAsset (UnityEngine.Object,UnityEngine.Object[],string)

[C:\buildslave\unity\build\Runtime/Serialize/SerializedFile.cpp line 998]

Invalid serialized file header. File: "VirtualArtifacts/Primary/0e9d5a909a1f7e84882a534d0d11e49f".
UnityEngine.StackTraceUtility:ExtractStackTrace ()
UnityEngine.Material:GetTag (string,bool)
UnityEditor.Utils.PerformanceChecks:CheckMaterial (UnityEngine.Material,UnityEditor.BuildTarget)
UnityEditor.MaterialEditor:PropertiesChanged ()
UnityEditor.MaterialEditor:OnEnable ()
UnityEditor.Editor:CreateEditorWithContext (UnityEngine.Object[],UnityEngine.Object,System.Type)
UnityEditor.Editor:CreateEditor (UnityEngine.Object,System.Type)
UnityEditor.Editor:CreateEditor (UnityEngine.Object)
UnityEditor.AssetPreviewUpdater:CreatePreviewForAsset (UnityEngine.Object,UnityEngine.Object[],string)

[C:\buildslave\unity\build\Runtime/Serialize/SerializedFile.cpp line 998]

Invalid serialized file header. File: "VirtualArtifacts/Primary/0e9d5a909a1f7e84882a534d0d11e49f".
UnityEngine.StackTraceUtility:ExtractStackTrace ()
UnityEngine.Material:HasProperty (string)
UnityEditor.Utils.PerformanceChecks:CheckMaterial (UnityEngine.Material,UnityEditor.BuildTarget)
UnityEditor.MaterialEditor:PropertiesChanged ()
UnityEditor.MaterialEditor:OnEnable ()
UnityEditor.Editor:CreateEditorWithContext (UnityEngine.Object[],UnityEngine.Object,System.Type)
UnityEditor.Editor:CreateEditor (UnityEngine.Object,System.Type)
UnityEditor.Editor:CreateEditor (UnityEngine.Object)
UnityEditor.AssetPreviewUpdater:CreatePreviewForAsset (UnityEngine.Object,UnityEngine.Object[],string)

[C:\buildslave\unity\build\Runtime/Serialize/SerializedFile.cpp line 998]

Invalid serialized file header. File: "VirtualArtifacts/Primary/0e9d5a909a1f7e84882a534d0d11e49f".
UnityEngine.StackTraceUtility:ExtractStackTrace ()
UnityEngine.Material:GetTag (string,bool,string)
UnityEditor.MaterialEditor:GetPreviewType (UnityEngine.Material)
UnityEditor.MaterialEditor:DoRenderPreview (UnityEditor.PreviewRenderUtility,bool)
UnityEditor.MaterialEditor:RenderStaticPreview (string,UnityEngine.Object[],int,int)
UnityEditor.AssetPreviewUpdater:CreatePreviewForAsset (UnityEngine.Object,UnityEngine.Object[],string)

[C:\buildslave\unity\build\Runtime/Serialize/SerializedFile.cpp line 998]

Invalid serialized file header. File: "VirtualArtifacts/Primary/0e9d5a909a1f7e84882a534d0d11e49f".
UnityEngine.StackTraceUtility:ExtractStackTrace ()
UnityEditor.MaterialEditor:GetPreviewType (UnityEngine.Material)
UnityEditor.MaterialEditor:DoRenderPreview (UnityEditor.PreviewRenderUtility,bool)
UnityEditor.MaterialEditor:RenderStaticPreview (string,UnityEngine.Object[],int,int)
UnityEditor.AssetPreviewUpdater:CreatePreviewForAsset (UnityEngine.Object,UnityEngine.Object[],string)

[C:\buildslave\unity\build\Runtime/Serialize/SerializedFile.cpp line 998]

Invalid serialized file header. File: "VirtualArtifacts/Primary/0e9d5a909a1f7e84882a534d0d11e49f".
UnityEngine.StackTraceUtility:ExtractStackTrace ()
UnityEditor.MaterialEditor:GetPreviewType (UnityEngine.Material)
UnityEditor.MaterialEditor:DoRenderPreview (UnityEditor.PreviewRenderUtility,bool)
UnityEditor.MaterialEditor:RenderStaticPreview (string,UnityEngine.Object[],int,int)
UnityEditor.AssetPreviewUpdater:CreatePreviewForAsset (UnityEngine.Object,UnityEngine.Object[],string)

[C:\buildslave\unity\build\Runtime/Serialize/SerializedFile.cpp line 998]

 -> (artifact id: 'aca687cac7cb3bcaf5959e139b58d00c') in 0.016725 seconds
  Import took 0.054528 seconds .

========================================================================
Received Import Request.
  Time since last request: 0.000175 seconds.
  path: Assets/4K PBR Realistic Ground Textures/Materials/Paving_Stones2.mat
  artifactKey: Guid(5cef445c146483a4da778a60f11982ef) Importer(815301076,1909f56bfc062723c751e8b465ee728b)
Start importing Assets/4K PBR Realistic Ground Textures/Materials/Paving_Stones2.mat using Guid(5cef445c146483a4da778a60f11982ef) Importer(815301076,1909f56bfc062723c751e8b465ee728b) Invalid serialized file header. File: "VirtualArtifacts/Primary/0e9d5a909a1f7e84882a534d0d11e49f".

Invalid serialized file header. File: "VirtualArtifacts/Primary/0e9d5a909a1f7e84882a534d0d11e49f".
UnityEngine.StackTraceUtility:ExtractStackTrace ()
UnityEditor.Editor:CreateEditorWithContext (UnityEngine.Object[],UnityEngine.Object,System.Type)
UnityEditor.Editor:CreateEditor (UnityEngine.Object,System.Type)
UnityEditor.Editor:CreateEditor (UnityEngine.Object)
UnityEditor.AssetPreviewUpdater:CreatePreviewForAsset (UnityEngine.Object,UnityEngine.Object[],string)

[C:\buildslave\unity\build\Runtime/Serialize/SerializedFile.cpp line 998]

Invalid serialized file header. File: "VirtualArtifacts/Primary/0e9d5a909a1f7e84882a534d0d11e49f".
UnityEngine.StackTraceUtility:ExtractStackTrace ()
UnityEditor.Editor:CreateEditorWithContext (UnityEngine.Object[],UnityEngine.Object,System.Type)
UnityEditor.Editor:CreateEditor (UnityEngine.Object,System.Type)
UnityEditor.Editor:CreateEditor (UnityEngine.Object)
UnityEditor.AssetPreviewUpdater:CreatePreviewForAsset (UnityEngine.Object,UnityEngine.Object[],string)

[C:\buildslave\unity\build\Runtime/Serialize/SerializedFile.cpp line 998]

Invalid serialized file header. File: "VirtualArtifacts/Primary/0e9d5a909a1f7e84882a534d0d11e49f".
UnityEngine.StackTraceUtility:ExtractStackTrace ()
UnityEngine.Material:GetTag (string,bool,string)
UnityEditor.MaterialEditor:GetPreviewType (UnityEngine.Material)
UnityEditor.MaterialEditor:Awake ()
UnityEditor.Editor:CreateEditorWithContext (UnityEngine.Object[],UnityEngine.Object,System.Type)
UnityEditor.Editor:CreateEditor (UnityEngine.Object,System.Type)
UnityEditor.Editor:CreateEditor (UnityEngine.Object)
UnityEditor.AssetPreviewUpdater:CreatePreviewForAsset (UnityEngine.Object,UnityEngine.Object[],string)

[C:\buildslave\unity\build\Runtime/Serialize/SerializedFile.cpp line 998]

Invalid serialized file header. File: "VirtualArtifacts/Primary/0e9d5a909a1f7e84882a534d0d11e49f".
UnityEngine.StackTraceUtility:ExtractStackTrace ()
UnityEditor.MaterialEditor:GetPreviewType (UnityEngine.Material)
UnityEditor.MaterialEditor:Awake ()
UnityEditor.Editor:CreateEditorWithContext (UnityEngine.Object[],UnityEngine.Object,System.Type)
UnityEditor.Editor:CreateEditor (UnityEngine.Object,System.Type)
UnityEditor.Editor:CreateEditor (UnityEngine.Object)
UnityEditor.AssetPreviewUpdater:CreatePreviewForAsset (UnityEngine.Object,UnityEngine.Object[],string)

[C:\buildslave\unity\build\Runtime/Serialize/SerializedFile.cpp line 998]

Invalid serialized file header. File: "VirtualArtifacts/Primary/0e9d5a909a1f7e84882a534d0d11e49f".
UnityEngine.StackTraceUtility:ExtractStackTrace ()
UnityEditor.MaterialEditor:GetPreviewType (UnityEngine.Material)
UnityEditor.MaterialEditor:Awake ()
UnityEditor.Editor:CreateEditorWithContext (UnityEngine.Object[],UnityEngine.Object,System.Type)
UnityEditor.Editor:CreateEditor (UnityEngine.Object,System.Type)
UnityEditor.Editor:CreateEditor (UnityEngine.Object)
UnityEditor.AssetPreviewUpdater:CreatePreviewForAsset (UnityEngine.Object,UnityEngine.Object[],string)

[C:\buildslave\unity\build\Runtime/Serialize/SerializedFile.cpp line 998]

Invalid serialized file header. File: "VirtualArtifacts/Primary/0e9d5a909a1f7e84882a534d0d11e49f".
UnityEngine.StackTraceUtility:ExtractStackTrace ()
UnityEditor.SerializedProperty:get_objectReferenceValue ()
UnityEditor.MaterialEditor:OnEnable ()
UnityEditor.Editor:CreateEditorWithContext (UnityEngine.Object[],UnityEngine.Object,System.Type)
UnityEditor.Editor:CreateEditor (UnityEngine.Object,System.Type)
UnityEditor.Editor:CreateEditor (UnityEngine.Object)
UnityEditor.AssetPreviewUpdater:CreatePreviewForAsset (UnityEngine.Object,UnityEngine.Object[],string)

[C:\buildslave\unity\build\Runtime/Serialize/SerializedFile.cpp line 998]

Invalid serialized file header. File: "VirtualArtifacts/Primary/0e9d5a909a1f7e84882a534d0d11e49f".
UnityEngine.StackTraceUtility:ExtractStackTrace ()
UnityEditor.Utils.PerformanceChecks:CheckMaterial (UnityEngine.Material,UnityEditor.BuildTarget)
UnityEditor.MaterialEditor:PropertiesChanged ()
UnityEditor.MaterialEditor:OnEnable ()
UnityEditor.Editor:CreateEditorWithContext (UnityEngine.Object[],UnityEngine.Object,System.Type)
UnityEditor.Editor:CreateEditor (UnityEngine.Object,System.Type)
UnityEditor.Editor:CreateEditor (UnityEngine.Object)
UnityEditor.AssetPreviewUpdater:CreatePreviewForAsset (UnityEngine.Object,UnityEngine.Object[],string)

[C:\buildslave\unity\build\Runtime/Serialize/SerializedFile.cpp line 998]

Invalid serialized file header. File: "VirtualArtifacts/Primary/0e9d5a909a1f7e84882a534d0d11e49f".
UnityEngine.StackTraceUtility:ExtractStackTrace ()
UnityEditor.Utils.PerformanceChecks:CheckMaterial (UnityEngine.Material,UnityEditor.BuildTarget)
UnityEditor.MaterialEditor:PropertiesChanged ()
UnityEditor.MaterialEditor:OnEnable ()
UnityEditor.Editor:CreateEditorWithContext (UnityEngine.Object[],UnityEngine.Object,System.Type)
UnityEditor.Editor:CreateEditor (UnityEngine.Object,System.Type)
UnityEditor.Editor:CreateEditor (UnityEngine.Object)
UnityEditor.AssetPreviewUpdater:CreatePreviewForAsset (UnityEngine.Object,UnityEngine.Object[],string)

[C:\buildslave\unity\build\Runtime/Serialize/SerializedFile.cpp line 998]

Invalid serialized file header. File: "VirtualArtifacts/Primary/0e9d5a909a1f7e84882a534d0d11e49f".
UnityEngine.StackTraceUtility:ExtractStackTrace ()
UnityEditor.Utils.PerformanceChecks:CheckMaterial (UnityEngine.Material,UnityEditor.BuildTarget)
UnityEditor.MaterialEditor:PropertiesChanged ()
UnityEditor.MaterialEditor:OnEnable ()
UnityEditor.Editor:CreateEditorWithContext (UnityEngine.Object[],UnityEngine.Object,System.Type)
UnityEditor.Editor:CreateEditor (UnityEngine.Object,System.Type)
UnityEditor.Editor:CreateEditor (UnityEngine.Object)
UnityEditor.AssetPreviewUpdater:CreatePreviewForAsset (UnityEngine.Object,UnityEngine.Object[],string)

[C:\buildslave\unity\build\Runtime/Serialize/SerializedFile.cpp line 998]

Invalid serialized file header. File: "VirtualArtifacts/Primary/0e9d5a909a1f7e84882a534d0d11e49f".
UnityEngine.StackTraceUtility:ExtractStackTrace ()
UnityEngine.Material:GetTag (string,bool)
UnityEditor.Utils.PerformanceChecks:CheckMaterial (UnityEngine.Material,UnityEditor.BuildTarget)
UnityEditor.MaterialEditor:PropertiesChanged ()
UnityEditor.MaterialEditor:OnEnable ()
UnityEditor.Editor:CreateEditorWithContext (UnityEngine.Object[],UnityEngine.Object,System.Type)
UnityEditor.Editor:CreateEditor (UnityEngine.Object,System.Type)
UnityEditor.Editor:CreateEditor (UnityEngine.Object)
UnityEditor.AssetPreviewUpdater:CreatePreviewForAsset (UnityEngine.Object,UnityEngine.Object[],string)

[C:\buildslave\unity\build\Runtime/Serialize/SerializedFile.cpp line 998]

Invalid serialized file header. File: "VirtualArtifacts/Primary/0e9d5a909a1f7e84882a534d0d11e49f".
UnityEngine.StackTraceUtility:ExtractStackTrace ()
UnityEngine.Material:HasProperty (string)
UnityEditor.Utils.PerformanceChecks:CheckMaterial (UnityEngine.Material,UnityEditor.BuildTarget)
UnityEditor.MaterialEditor:PropertiesChanged ()
UnityEditor.MaterialEditor:OnEnable ()
UnityEditor.Editor:CreateEditorWithContext (UnityEngine.Object[],UnityEngine.Object,System.Type)
UnityEditor.Editor:CreateEditor (UnityEngine.Object,System.Type)
UnityEditor.Editor:CreateEditor (UnityEngine.Object)
UnityEditor.AssetPreviewUpdater:CreatePreviewForAsset (UnityEngine.Object,UnityEngine.Object[],string)

[C:\buildslave\unity\build\Runtime/Serialize/SerializedFile.cpp line 998]

Invalid serialized file header. File: "VirtualArtifacts/Primary/0e9d5a909a1f7e84882a534d0d11e49f".
UnityEngine.StackTraceUtility:ExtractStackTrace ()
UnityEngine.Material:GetTag (string,bool,string)
UnityEditor.MaterialEditor:GetPreviewType (UnityEngine.Material)
UnityEditor.MaterialEditor:DoRenderPreview (UnityEditor.PreviewRenderUtility,bool)
UnityEditor.MaterialEditor:RenderStaticPreview (string,UnityEngine.Object[],int,int)
UnityEditor.AssetPreviewUpdater:CreatePreviewForAsset (UnityEngine.Object,UnityEngine.Object[],string)

[C:\buildslave\unity\build\Runtime/Serialize/SerializedFile.cpp line 998]

Invalid serialized file header. File: "VirtualArtifacts/Primary/0e9d5a909a1f7e84882a534d0d11e49f".
UnityEngine.StackTraceUtility:ExtractStackTrace ()
UnityEditor.MaterialEditor:GetPreviewType (UnityEngine.Material)
UnityEditor.MaterialEditor:DoRenderPreview (UnityEditor.PreviewRenderUtility,bool)
UnityEditor.MaterialEditor:RenderStaticPreview (string,UnityEngine.Object[],int,int)
UnityEditor.AssetPreviewUpdater:CreatePreviewForAsset (UnityEngine.Object,UnityEngine.Object[],string)

[C:\buildslave\unity\build\Runtime/Serialize/SerializedFile.cpp line 998]

Invalid serialized file header. File: "VirtualArtifacts/Primary/0e9d5a909a1f7e84882a534d0d11e49f".
UnityEngine.StackTraceUtility:ExtractStackTrace ()
UnityEditor.MaterialEditor:GetPreviewType (UnityEngine.Material)
UnityEditor.MaterialEditor:DoRenderPreview (UnityEditor.PreviewRenderUtility,bool)
UnityEditor.MaterialEditor:RenderStaticPreview (string,UnityEngine.Object[],int,int)
UnityEditor.AssetPreviewUpdater:CreatePreviewForAsset (UnityEngine.Object,UnityEngine.Object[],string)

[C:\buildslave\unity\build\Runtime/Serialize/SerializedFile.cpp line 998]

 -> (artifact id: '15261e620a64270a7c623cb0dd28cbf3') in 0.015189 seconds
  Import took 0.096339 seconds .

========================================================================
Received Import Request.
  Time since last request: 35.056003 seconds.
  path: Assets/4K PBR Realistic Ground Textures/Textures/Asphalt1
  artifactKey: Guid(3ad6847b71309794b833f5df446f708e) Importer(815301076,1909f56bfc062723c751e8b465ee728b)
Start importing Assets/4K PBR Realistic Ground Textures/Textures/Asphalt1 using Guid(3ad6847b71309794b833f5df446f708e) Importer(815301076,1909f56bfc062723c751e8b465ee728b)  -> (artifact id: 'ee2eef6f24cb204c0eab953dc9798911') in 0.005068 seconds
  Import took 0.124917 seconds .

========================================================================
Received Import Request.
  Time since last request: 0.000282 seconds.
  path: Assets/4K PBR Realistic Ground Textures/Textures/Asphalt1/Asphalt1_4K_AO.png
  artifactKey: Guid(96ea9cb84dea67b4b912c60f58800559) Importer(815301076,1909f56bfc062723c751e8b465ee728b)
Start importing Assets/4K PBR Realistic Ground Textures/Textures/Asphalt1/Asphalt1_4K_AO.png using Guid(96ea9cb84dea67b4b912c60f58800559) Importer(815301076,1909f56bfc062723c751e8b465ee728b)  -> (artifact id: 'c697e3c721eb33b0ef173540902d3030') in 0.661768 seconds
  Import took 0.765566 seconds .

========================================================================
Received Import Request.
  Time since last request: 0.000269 seconds.
  path: Assets/4K PBR Realistic Ground Textures/Textures/Asphalt1/Asphalt1_4K_Metalness.png
  artifactKey: Guid(6b8a1b391127d8d40ba757c014c13560) Importer(815301076,1909f56bfc062723c751e8b465ee728b)
Start importing Assets/4K PBR Realistic Ground Textures/Textures/Asphalt1/Asphalt1_4K_Metalness.png using Guid(6b8a1b391127d8d40ba757c014c13560) Importer(815301076,1909f56bfc062723c751e8b465ee728b)  -> (artifact id: '7f18e02d47b7c8671d7ae4f93f858f2c') in 0.613707 seconds
  Import took 0.656378 seconds .

========================================================================
Received Import Request.
  Time since last request: 0.000308 seconds.
  path: Assets/4K PBR Realistic Ground Textures/Textures/Asphalt1/Asphalt1_4K_Roughness.png
  artifactKey: Guid(44da2efccca675a48b238efd02732a65) Importer(815301076,1909f56bfc062723c751e8b465ee728b)
Start importing Assets/4K PBR Realistic Ground Textures/Textures/Asphalt1/Asphalt1_4K_Roughness.png using Guid(44da2efccca675a48b238efd02732a65) Importer(815301076,1909f56bfc062723c751e8b465ee728b)  -> (artifact id: '2ee14253ef038efd370a645b892a7257') in 0.579691 seconds
  Import took 0.632793 seconds .

========================================================================
Received Import Request.
  Time since last request: 0.000214 seconds.
  path: Assets/4K PBR Realistic Ground Textures/Textures/Asphalt1/Asphalt1_4K_Albedo.png
  artifactKey: Guid(c07bd5a0698d27043930e3a0e528d738) Importer(815301076,1909f56bfc062723c751e8b465ee728b)
Start importing Assets/4K PBR Realistic Ground Textures/Textures/Asphalt1/Asphalt1_4K_Albedo.png using Guid(c07bd5a0698d27043930e3a0e528d738) Importer(815301076,1909f56bfc062723c751e8b465ee728b)  -> (artifact id: 'e4918bf0614ebeb6b110524887929dfa') in 0.608809 seconds
  Import took 0.614379 seconds .

========================================================================
Received Import Request.
  Time since last request: 0.000199 seconds.
  path: Assets/4K PBR Realistic Ground Textures/Textures/Asphalt1/Asphalt1_4K_Normal.png
  artifactKey: Guid(e0819a839f3518c4a8516e3773364367) Importer(815301076,1909f56bfc062723c751e8b465ee728b)
Start importing Assets/4K PBR Realistic Ground Textures/Textures/Asphalt1/Asphalt1_4K_Normal.png using Guid(e0819a839f3518c4a8516e3773364367) Importer(815301076,1909f56bfc062723c751e8b465ee728b)  -> (artifact id: '0a4c4f881cc48b4986627f1890d75f59') in 0.643567 seconds
  Import took 0.659692 seconds .

========================================================================
Received Import Request.
  Time since last request: 0.000181 seconds.
  path: Assets/4K PBR Realistic Ground Textures/Textures/Asphalt1/Asphalt1_4K_Displacement.png
  artifactKey: Guid(0f289e015a359364f84980a8efb00148) Importer(815301076,1909f56bfc062723c751e8b465ee728b)
Start importing Assets/4K PBR Realistic Ground Textures/Textures/Asphalt1/Asphalt1_4K_Displacement.png using Guid(0f289e015a359364f84980a8efb00148) Importer(815301076,1909f56bfc062723c751e8b465ee728b)  -> (artifact id: 'f6ea6689e1b6336c0b67194356a6da21') in 0.646678 seconds
  Import took 0.671205 seconds .

========================================================================
Received Import Request.
  Time since last request: 1.020856 seconds.
  path: Assets/4K PBR Realistic Ground Textures
  artifactKey: Guid(930f7d4bbb01558469255151f0667b6c) Importer(815301076,1909f56bfc062723c751e8b465ee728b)
Start importing Assets/4K PBR Realistic Ground Textures using Guid(930f7d4bbb01558469255151f0667b6c) Importer(815301076,1909f56bfc062723c751e8b465ee728b)  -> (artifact id: 'd02e15c555dbd8f5c0df01a4a1e0f8e5') in 0.024733 seconds
  Import took 0.035392 seconds .

========================================================================
Received Import Request.
  Time since last request: 10.650354 seconds.
  path: Assets/4K PBR Realistic Ground Textures/Textures
  artifactKey: Guid(6bffe83993ce7364fb15f4ff9b1f39af) Importer(815301076,1909f56bfc062723c751e8b465ee728b)
Start importing Assets/4K PBR Realistic Ground Textures/Textures using Guid(6bffe83993ce7364fb15f4ff9b1f39af) Importer(815301076,1909f56bfc062723c751e8b465ee728b)  -> (artifact id: '61953a9254c46693f823a6bc4b989235') in 0.005142 seconds
  Import took 0.168372 seconds .

========================================================================
Received Import Request.
  Time since last request: 4.706863 seconds.
  path: Assets/4K PBR Realistic Ground Textures/Materials
  artifactKey: Guid(61c2f53c83536bd448dd25fdec87d9d1) Importer(815301076,1909f56bfc062723c751e8b465ee728b)
Start importing Assets/4K PBR Realistic Ground Textures/Materials using Guid(61c2f53c83536bd448dd25fdec87d9d1) Importer(815301076,1909f56bfc062723c751e8b465ee728b)  -> (artifact id: 'c440d9ad331bca154433c45f44a0dc47') in 0.004625 seconds
  Import took 0.107931 seconds .

========================================================================
Received Import Request.
  Time since last request: 34.644302 seconds.
  path: Assets
  artifactKey: Guid(00000000000000001000000000000000) Importer(815301076,1909f56bfc062723c751e8b465ee728b)
Start importing Assets using Guid(00000000000000001000000000000000) Importer(815301076,1909f56bfc062723c751e8b465ee728b)  -> (artifact id: '06bd5512d41c0cafdf87f28ef99c7bf2') in 0.338673 seconds
  Import took 0.376408 seconds .

========================================================================
Received Import Request.
  Time since last request: 11.043075 seconds.
  path: Assets/Pared.mat
  artifactKey: Guid(7ea1428eebc26804e9295a98c1efc951) Importer(815301076,1909f56bfc062723c751e8b465ee728b)
Start importing Assets/Pared.mat using Guid(7ea1428eebc26804e9295a98c1efc951) Importer(815301076,1909f56bfc062723c751e8b465ee728b)  -> (artifact id: '71ed6b43aba78cdbda3acd40a7bef2a3') in 0.037518 seconds
  Import took 0.058328 seconds .

========================================================================
Received Prepare
Registering precompiled user dll's ...
Registered in 0.001446 seconds.
Begin MonoManager ReloadAssembly
Native extension for WindowsStandalone target not found
Refreshing native plugins compatible for Editor in 0.95 ms, found 0 plugins.
Preloading 0 native plugins for Editor in 0.00 ms.
Mono: successfully reloaded assembly
- Completed reload, in  0.884 seconds
Platform modules already initialized, skipping
Shader 'Universal Render Pipeline/Particles/Lit': fallback shader 'Universal Render Pipeline/Particles/SimpleLit' not found
Refreshing native plugins compatible for Editor in 1.11 ms, found 0 plugins.
Preloading 0 native plugins for Editor in 0.00 ms.
Unloading 2513 Unused Serialized files (Serialized files now loaded: 0)
System memory in use before: 126.9 MB.
System memory in use after: 127.1 MB.

Unloading 6 unused Assets to reduce memory usage. Loaded Objects now: 3173.
Total: 2.597800 ms (FindLiveObjects: 0.362700 ms CreateObjectMapping: 0.129700 ms MarkObjects: 2.073500 ms  DeleteObjects: 0.028800 ms)

========================================================================
Received Import Request.
  Time since last request: 109.771238 seconds.
  path: Assets/Pared.mat
  artifactKey: Guid(7ea1428eebc26804e9295a98c1efc951) Importer(815301076,1909f56bfc062723c751e8b465ee728b)
Start importing Assets/Pared.mat using Guid(7ea1428eebc26804e9295a98c1efc951) Importer(815301076,1909f56bfc062723c751e8b465ee728b)  -> (artifact id: '052c6b603ad002f30e3b258446f2c504') in 0.157118 seconds
  Import took 0.187996 seconds .

========================================================================
Received Import Request.
  Time since last request: 0.000248 seconds.
  path: Assets/Pipes.mat
  artifactKey: Guid(5f97a092fcb0d6a4bb7785e1fb9da949) Importer(815301076,1909f56bfc062723c751e8b465ee728b)
Start importing Assets/Pipes.mat using Guid(5f97a092fcb0d6a4bb7785e1fb9da949) Importer(815301076,1909f56bfc062723c751e8b465ee728b)  -> (artifact id: '524e44ba519bdcfbb835162618b91775') in 0.013304 seconds
  Import took 0.027569 seconds .

========================================================================
Received Prepare
Registering precompiled user dll's ...
Registered in 0.001641 seconds.
Begin MonoManager ReloadAssembly
Native extension for WindowsStandalone target not found
Refreshing native plugins compatible for Editor in 0.96 ms, found 0 plugins.
Preloading 0 native plugins for Editor in 0.00 ms.
Mono: successfully reloaded assembly
- Completed reload, in  0.924 seconds
Platform modules already initialized, skipping
Shader 'Universal Render Pipeline/Particles/Lit': fallback shader 'Universal Render Pipeline/Particles/SimpleLit' not found
Refreshing native plugins compatible for Editor in 1.56 ms, found 0 plugins.
Preloading 0 native plugins for Editor in 0.00 ms.
Unloading 2513 Unused Serialized files (Serialized files now loaded: 0)
System memory in use before: 127.1 MB.
System memory in use after: 127.3 MB.

Unloading 6 unused Assets to reduce memory usage. Loaded Objects now: 3212.
Total: 3.790100 ms (FindLiveObjects: 0.395100 ms CreateObjectMapping: 0.125800 ms MarkObjects: 3.242600 ms  DeleteObjects: 0.024400 ms)

========================================================================
Received Prepare
Registering precompiled user dll's ...
Registered in 0.001803 seconds.
Begin MonoManager ReloadAssembly
Native extension for WindowsStandalone target not found
Refreshing native plugins compatible for Editor in 1.01 ms, found 0 plugins.
Preloading 0 native plugins for Editor in 0.00 ms.
Mono: successfully reloaded assembly
- Completed reload, in  0.966 seconds
Platform modules already initialized, skipping
Shader 'Universal Render Pipeline/Particles/Lit': fallback shader 'Universal Render Pipeline/Particles/SimpleLit' not found
Refreshing native plugins compatible for Editor in 1.00 ms, found 0 plugins.
Preloading 0 native plugins for Editor in 0.00 ms.
Unloading 2513 Unused Serialized files (Serialized files now loaded: 0)
System memory in use before: 127.1 MB.
System memory in use after: 127.3 MB.

Unloading 6 unused Assets to reduce memory usage. Loaded Objects now: 3215.
Total: 3.638100 ms (FindLiveObjects: 0.435400 ms CreateObjectMapping: 0.150500 ms MarkObjects: 3.027600 ms  DeleteObjects: 0.022900 ms)

========================================================================
Received Prepare
Registering precompiled user dll's ...
Registered in 0.001705 seconds.
Begin MonoManager ReloadAssembly
Native extension for WindowsStandalone target not found
Refreshing native plugins compatible for Editor in 1.20 ms, found 0 plugins.
Preloading 0 native plugins for Editor in 0.00 ms.
Mono: successfully reloaded assembly
- Completed reload, in  0.955 seconds
Platform modules already initialized, skipping
Shader 'Universal Render Pipeline/Particles/Lit': fallback shader 'Universal Render Pipeline/Particles/SimpleLit' not found
Refreshing native plugins compatible for Editor in 1.44 ms, found 0 plugins.
Preloading 0 native plugins for Editor in 0.00 ms.
Unloading 2513 Unused Serialized files (Serialized files now loaded: 0)
System memory in use before: 127.1 MB.
System memory in use after: 127.3 MB.

Unloading 6 unused Assets to reduce memory usage. Loaded Objects now: 3218.
Total: 3.976900 ms (FindLiveObjects: 0.434600 ms CreateObjectMapping: 0.175500 ms MarkObjects: 3.237700 ms  DeleteObjects: 0.127500 ms)

========================================================================
Received Import Request.
  Time since last request: 666.618186 seconds.
  path: Assets/Scenes/Menu.unity
  artifactKey: Guid(87107326c55e9e34d94615691283d126) Importer(815301076,1909f56bfc062723c751e8b465ee728b)
Start importing Assets/Scenes/Menu.unity using Guid(87107326c55e9e34d94615691283d126) Importer(815301076,1909f56bfc062723c751e8b465ee728b)  -> (artifact id: 'c50b4c896c31bfc9aa1e51001b8c33e7') in 0.018948 seconds
  Import took 0.150366 seconds .

========================================================================
Received Import Request.
  Time since last request: 49.945031 seconds.
  path: Assets/Scenes/SampleSceneLightingSettings.lighting
  artifactKey: Guid(477cc4148fad3449482a3bc3178594e2) Importer(815301076,1909f56bfc062723c751e8b465ee728b)
Start importing Assets/Scenes/SampleSceneLightingSettings.lighting using Guid(477cc4148fad3449482a3bc3178594e2) Importer(815301076,1909f56bfc062723c751e8b465ee728b)  -> (artifact id: '6a3db7e2a1db9f71ab48efebd89596da') in 0.008226 seconds
  Import took 0.068308 seconds .

========================================================================
Received Prepare
Registering precompiled user dll's ...
Registered in 0.002143 seconds.
Begin MonoManager ReloadAssembly
Native extension for WindowsStandalone target not found
Refreshing native plugins compatible for Editor in 0.96 ms, found 0 plugins.
Preloading 0 native plugins for Editor in 0.00 ms.
Mono: successfully reloaded assembly
- Completed reload, in  0.915 seconds
Platform modules already initialized, skipping
Shader 'Universal Render Pipeline/Particles/Lit': fallback shader 'Universal Render Pipeline/Particles/SimpleLit' not found
Refreshing native plugins compatible for Editor in 1.66 ms, found 0 plugins.
Preloading 0 native plugins for Editor in 0.00 ms.
Unloading 2513 Unused Serialized files (Serialized files now loaded: 0)
System memory in use before: 127.1 MB.
System memory in use after: 127.4 MB.

Unloading 6 unused Assets to reduce memory usage. Loaded Objects now: 3221.
Total: 3.700400 ms (FindLiveObjects: 0.473900 ms CreateObjectMapping: 0.192800 ms MarkObjects: 3.007000 ms  DeleteObjects: 0.024700 ms)

========================================================================
Received Prepare
Registering precompiled user dll's ...
Registered in 0.002189 seconds.
Begin MonoManager ReloadAssembly
Native extension for WindowsStandalone target not found
Refreshing native plugins compatible for Editor in 1.54 ms, found 0 plugins.
Preloading 0 native plugins for Editor in 0.00 ms.
Mono: successfully reloaded assembly
- Completed reload, in  1.060 seconds
Platform modules already initialized, skipping
Shader 'Universal Render Pipeline/Particles/Lit': fallback shader 'Universal Render Pipeline/Particles/SimpleLit' not found
Refreshing native plugins compatible for Editor in 2.23 ms, found 0 plugins.
Preloading 0 native plugins for Editor in 0.00 ms.
Unloading 2513 Unused Serialized files (Serialized files now loaded: 0)
System memory in use before: 127.1 MB.
System memory in use after: 127.4 MB.

Unloading 6 unused Assets to reduce memory usage. Loaded Objects now: 3224.
Total: 4.380000 ms (FindLiveObjects: 0.604600 ms CreateObjectMapping: 0.268100 ms MarkObjects: 3.478000 ms  DeleteObjects: 0.028000 ms)

========================================================================
Received Prepare
Registering precompiled user dll's ...
Registered in 0.001696 seconds.
Begin MonoManager ReloadAssembly
Native extension for WindowsStandalone target not found
Refreshing native plugins compatible for Editor in 1.11 ms, found 0 plugins.
Preloading 0 native plugins for Editor in 0.00 ms.
Mono: successfully reloaded assembly
- Completed reload, in  0.859 seconds
Platform modules already initialized, skipping
Shader 'Universal Render Pipeline/Particles/Lit': fallback shader 'Universal Render Pipeline/Particles/SimpleLit' not found
Refreshing native plugins compatible for Editor in 1.11 ms, found 0 plugins.
Preloading 0 native plugins for Editor in 0.00 ms.
Unloading 2513 Unused Serialized files (Serialized files now loaded: 0)
System memory in use before: 127.2 MB.
System memory in use after: 127.4 MB.

Unloading 6 unused Assets to reduce memory usage. Loaded Objects now: 3227.
Total: 2.889400 ms (FindLiveObjects: 0.449300 ms CreateObjectMapping: 0.154900 ms MarkObjects: 2.260000 ms  DeleteObjects: 0.023900 ms)

AssetImportWorkerClient::OnTransportError - code=2 error=End of file
