Using pre-set license
Built from '2020.3/staging' branch; Version is '2020.3.8f1 (507919d4fff5) revision 5273881'; Using compiler version '192528614'; Build Type 'Release'
OS: 'Windows 10 Pro; OS build 19042.928; Version 2009; 64bit' Language: 'es' Physical Memory: 32684 MB
BatchMode: 1, IsHumanControllingUs: 0, StartBugReporterOnCrash: 0, Is64bit: 1, IsPro: 0

 COMMAND LINE ARGUMENTS:
C:\Program Files\Unity\Hub\Editor\2020.3.8f1\Editor\Unity.exe
-adb2
-batchMode
-noUpm
-name
AssetImportWorker0
-projectPath
C:/Users/CES/Downloads/Proyecto
-logFile
Logs/AssetImportWorker0.log
-srvPort
55018
Successfully changed project path to: C:/Users/CES/Downloads/Proyecto
C:/Users/CES/Downloads/Proyecto
Using Asset Import Pipeline V2.
Refreshing native plugins compatible for Editor in 121.23 ms, found 0 plugins.
Preloading 0 native plugins for Editor in 0.00 ms.
Initialize engine version: 2020.3.8f1 (507919d4fff5)
[Subsystems] Discovering subsystems at path C:/Program Files/Unity/Hub/Editor/2020.3.8f1/Editor/Data/Resources/UnitySubsystems
[Subsystems] Discovering subsystems at path C:/Users/CES/Downloads/Proyecto/Assets
GfxDevice: creating device client; threaded=0
Direct3D:
    Version:  Direct3D 11.0 [level 11.1]
    Renderer: NVIDIA Quadro P1000 (ID=0x1cb1)
    Vendor:   
    VRAM:     4017 MB
    Driver:   31.0.15.3713
Shader 'Universal Render Pipeline/Particles/Lit': fallback shader 'Universal Render Pipeline/Particles/SimpleLit' not found
Initialize mono
Mono path[0] = 'C:/Program Files/Unity/Hub/Editor/2020.3.8f1/Editor/Data/Managed'
Mono path[1] = 'C:/Program Files/Unity/Hub/Editor/2020.3.8f1/Editor/Data/MonoBleedingEdge/lib/mono/unityjit'
Mono config path = 'C:/Program Files/Unity/Hub/Editor/2020.3.8f1/Editor/Data/MonoBleedingEdge/etc'
Using monoOptions --debugger-agent=transport=dt_socket,embedding=1,server=y,suspend=n,address=127.0.0.1:56052
Begin MonoManager ReloadAssembly
Registering precompiled unity dll's ...
Register platform support module: C:/Program Files/Unity/Hub/Editor/2020.3.8f1/Editor/Data/PlaybackEngines/WindowsStandaloneSupport/UnityEditor.WindowsStandalone.Extensions.dll
Registered in 0.004974 seconds.
Native extension for WindowsStandalone target not found
Refreshing native plugins compatible for Editor in 119.74 ms, found 0 plugins.
Preloading 0 native plugins for Editor in 0.00 ms.
Mono: successfully reloaded assembly
- Completed reload, in  4.393 seconds
Platform modules already initialized, skipping
Registering precompiled user dll's ...
Registered in 0.008298 seconds.
Begin MonoManager ReloadAssembly
Native extension for WindowsStandalone target not found
Refreshing native plugins compatible for Editor in 136.33 ms, found 0 plugins.
Preloading 0 native plugins for Editor in 0.00 ms.
Mono: successfully reloaded assembly
- Completed reload, in  1.516 seconds
Platform modules already initialized, skipping
========================================================================
Worker process is ready to serve import requests
Shader 'Universal Render Pipeline/Particles/Lit': fallback shader 'Universal Render Pipeline/Particles/SimpleLit' not found
Launched and connected shader compiler UnityShaderCompiler.exe after 0.06 seconds
Refreshing native plugins compatible for Editor in 1.52 ms, found 0 plugins.
Preloading 0 native plugins for Editor in 0.00 ms.
Unloading 2643 Unused Serialized files (Serialized files now loaded: 0)
System memory in use before: 129.0 MB.
System memory in use after: 129.2 MB.

Unloading 11 unused Assets to reduce memory usage. Loaded Objects now: 3087.
Total: 4.085100 ms (FindLiveObjects: 0.358600 ms CreateObjectMapping: 0.136400 ms MarkObjects: 3.216000 ms  DeleteObjects: 0.372900 ms)

========================================================================
Received Import Request.
  path: Assets/black-square-close-x-button-icon-3163191536344jbn3p5wa.png
  artifactKey: Guid(f6df49af705a06c4098acc2d9429bb2e) Importer(815301076,1909f56bfc062723c751e8b465ee728b)
Start importing Assets/black-square-close-x-button-icon-3163191536344jbn3p5wa.png using Guid(f6df49af705a06c4098acc2d9429bb2e) Importer(815301076,1909f56bfc062723c751e8b465ee728b)  -> (artifact id: '32184569adbcf53781818f1af360c375') in 0.283692 seconds
  Import took 0.290791 seconds .

========================================================================
Received Import Request.
  Time since last request: 0.000195 seconds.
  path: Assets/MainMixer.mixer
  artifactKey: Guid(281128ef717eeb144bda92b028d0991e) Importer(815301076,1909f56bfc062723c751e8b465ee728b)
Start importing Assets/MainMixer.mixer using Guid(281128ef717eeb144bda92b028d0991e) Importer(815301076,1909f56bfc062723c751e8b465ee728b)  -> (artifact id: '3788c6561fb672d7269886a5f0b8932b') in 0.014633 seconds
  Import took 0.019385 seconds .

========================================================================
Received Import Request.
  Time since last request: 0.000191 seconds.
  path: Assets/Readme.asset
  artifactKey: Guid(83c2ed844a8c74b779a4c823d16594b1) Importer(815301076,1909f56bfc062723c751e8b465ee728b)
Start importing Assets/Readme.asset using Guid(83c2ed844a8c74b779a4c823d16594b1) Importer(815301076,1909f56bfc062723c751e8b465ee728b)  -> (artifact id: '7c3b9f17ff219922461d349995487975') in 0.015033 seconds
  Import took 0.020567 seconds .

========================================================================
Received Import Request.
  Time since last request: 269.619670 seconds.
  path: Assets/Scenes
  artifactKey: Guid(3f11e042791f58d4388a732cfb739530) Importer(815301076,1909f56bfc062723c751e8b465ee728b)
Start importing Assets/Scenes using Guid(3f11e042791f58d4388a732cfb739530) Importer(815301076,1909f56bfc062723c751e8b465ee728b)  -> (artifact id: '9f8167cbda6e2d118df61192ec983158') in 0.010652 seconds
  Import took 0.017049 seconds .

========================================================================
Received Import Request.
  Time since last request: 0.023955 seconds.
  path: Assets/Scenes
  artifactKey: Guid(3f11e042791f58d4388a732cfb739530) Importer(815301076,1909f56bfc062723c751e8b465ee728b)
Start importing Assets/Scenes using Guid(3f11e042791f58d4388a732cfb739530) Importer(815301076,1909f56bfc062723c751e8b465ee728b)  -> (artifact id: '9f8167cbda6e2d118df61192ec983158') in 0.007946 seconds
  Import took 0.015315 seconds .

========================================================================
Received Import Request.
  Time since last request: 8.157997 seconds.
  path: Assets/Scenes/NoraLevel.unity
  artifactKey: Guid(42b650f32bb65a945ba78ba09d82282b) Importer(815301076,1909f56bfc062723c751e8b465ee728b)
Start importing Assets/Scenes/NoraLevel.unity using Guid(42b650f32bb65a945ba78ba09d82282b) Importer(815301076,1909f56bfc062723c751e8b465ee728b)  -> (artifact id: '9185074e808fbd77d7dca2dc209669e8') in 0.012534 seconds
  Import took 0.018909 seconds .

========================================================================
Received Import Request.
  Time since last request: 0.001274 seconds.
  path: Assets/Scenes/NoraLevel.unity
  artifactKey: Guid(42b650f32bb65a945ba78ba09d82282b) Importer(815301076,1909f56bfc062723c751e8b465ee728b)
Start importing Assets/Scenes/NoraLevel.unity using Guid(42b650f32bb65a945ba78ba09d82282b) Importer(815301076,1909f56bfc062723c751e8b465ee728b)  -> (artifact id: '9185074e808fbd77d7dca2dc209669e8') in 0.002620 seconds
  Import took 0.007317 seconds .

========================================================================
Received Import Request.
  Time since last request: 33.061447 seconds.
  path: Assets/Scenes/BarbieLevel.unity
  artifactKey: Guid(a0a315a677bd195489cb7feb1d5def6b) Importer(815301076,1909f56bfc062723c751e8b465ee728b)
Start importing Assets/Scenes/BarbieLevel.unity using Guid(a0a315a677bd195489cb7feb1d5def6b) Importer(815301076,1909f56bfc062723c751e8b465ee728b)  -> (artifact id: '2d037df9cf8baf40f65640897957ec6f') in 0.013113 seconds
  Import took 0.018398 seconds .

========================================================================
Received Import Request.
  Time since last request: 0.000737 seconds.
  path: Assets/Scenes/BarbieLevel.unity
  artifactKey: Guid(a0a315a677bd195489cb7feb1d5def6b) Importer(815301076,1909f56bfc062723c751e8b465ee728b)
Start importing Assets/Scenes/BarbieLevel.unity using Guid(a0a315a677bd195489cb7feb1d5def6b) Importer(815301076,1909f56bfc062723c751e8b465ee728b)  -> (artifact id: '2d037df9cf8baf40f65640897957ec6f') in 0.004032 seconds
  Import took 0.011026 seconds .

========================================================================
Received Prepare
Registering precompiled user dll's ...
Registered in 0.002753 seconds.
Begin MonoManager ReloadAssembly
Native extension for WindowsStandalone target not found
Refreshing native plugins compatible for Editor in 2.20 ms, found 0 plugins.
Preloading 0 native plugins for Editor in 0.00 ms.
Mono: successfully reloaded assembly
- Completed reload, in  2.889 seconds
Platform modules already initialized, skipping
Shader 'Universal Render Pipeline/Particles/Lit': fallback shader 'Universal Render Pipeline/Particles/SimpleLit' not found
Refreshing native plugins compatible for Editor in 1.28 ms, found 0 plugins.
Preloading 0 native plugins for Editor in 0.00 ms.
Unloading 2513 Unused Serialized files (Serialized files now loaded: 0)
System memory in use before: 123.0 MB.
System memory in use after: 123.2 MB.

Unloading 6 unused Assets to reduce memory usage. Loaded Objects now: 3096.
Total: 7.817500 ms (FindLiveObjects: 0.786700 ms CreateObjectMapping: 0.196000 ms MarkObjects: 6.775400 ms  DeleteObjects: 0.057200 ms)

========================================================================
Received Prepare
Registering precompiled user dll's ...
Registered in 0.003100 seconds.
Begin MonoManager ReloadAssembly
Native extension for WindowsStandalone target not found
Refreshing native plugins compatible for Editor in 1.73 ms, found 0 plugins.
Preloading 0 native plugins for Editor in 0.00 ms.
Mono: successfully reloaded assembly
- Completed reload, in  1.189 seconds
Platform modules already initialized, skipping
Shader 'Universal Render Pipeline/Particles/Lit': fallback shader 'Universal Render Pipeline/Particles/SimpleLit' not found
Refreshing native plugins compatible for Editor in 1.23 ms, found 0 plugins.
Preloading 0 native plugins for Editor in 0.00 ms.
Unloading 2513 Unused Serialized files (Serialized files now loaded: 0)
System memory in use before: 123.1 MB.
System memory in use after: 123.3 MB.

Unloading 6 unused Assets to reduce memory usage. Loaded Objects now: 3099.
Total: 2.599600 ms (FindLiveObjects: 0.319700 ms CreateObjectMapping: 0.119900 ms MarkObjects: 2.140000 ms  DeleteObjects: 0.018900 ms)

========================================================================
Received Import Request.
  Time since last request: 648.964396 seconds.
  path: Assets/Scripts/TocarCaldera.cs
  artifactKey: Guid(6dc350ee9774399409ca5708b1f05c32) Importer(815301076,1909f56bfc062723c751e8b465ee728b)
Start importing Assets/Scripts/TocarCaldera.cs using Guid(6dc350ee9774399409ca5708b1f05c32) Importer(815301076,1909f56bfc062723c751e8b465ee728b)  -> (artifact id: 'c853db0ddefe11bf610f7b944d568adf') in 0.124799 seconds
  Import took 0.131311 seconds .

========================================================================
Received Prepare
Registering precompiled user dll's ...
Registered in 0.002462 seconds.
Begin MonoManager ReloadAssembly
Native extension for WindowsStandalone target not found
Refreshing native plugins compatible for Editor in 1.37 ms, found 0 plugins.
Preloading 0 native plugins for Editor in 0.00 ms.
Mono: successfully reloaded assembly
- Completed reload, in  1.219 seconds
Platform modules already initialized, skipping
Shader 'Universal Render Pipeline/Particles/Lit': fallback shader 'Universal Render Pipeline/Particles/SimpleLit' not found
Refreshing native plugins compatible for Editor in 1.72 ms, found 0 plugins.
Preloading 0 native plugins for Editor in 0.00 ms.
Unloading 2513 Unused Serialized files (Serialized files now loaded: 0)
System memory in use before: 123.1 MB.
System memory in use after: 123.3 MB.

Unloading 6 unused Assets to reduce memory usage. Loaded Objects now: 3102.
Total: 2.199000 ms (FindLiveObjects: 0.259800 ms CreateObjectMapping: 0.115900 ms MarkObjects: 1.803900 ms  DeleteObjects: 0.018600 ms)

========================================================================
Received Import Request.
  Time since last request: 282.239924 seconds.
  path: Assets/Scripts/DialogueSinVaso.cs
  artifactKey: Guid(7d29815c69b484742ae17f8a0e42c8fd) Importer(815301076,1909f56bfc062723c751e8b465ee728b)
Start importing Assets/Scripts/DialogueSinVaso.cs using Guid(7d29815c69b484742ae17f8a0e42c8fd) Importer(815301076,1909f56bfc062723c751e8b465ee728b)  -> (artifact id: '48dd736eef3595fbd11c062ead5f6d11') in 0.019296 seconds
  Import took 0.025522 seconds .

========================================================================
Received Import Request.
  Time since last request: 0.167427 seconds.
  path: Assets/Scripts/DialogueSinVaso.cs
  artifactKey: Guid(7d29815c69b484742ae17f8a0e42c8fd) Importer(815301076,1909f56bfc062723c751e8b465ee728b)
Start importing Assets/Scripts/DialogueSinVaso.cs using Guid(7d29815c69b484742ae17f8a0e42c8fd) Importer(815301076,1909f56bfc062723c751e8b465ee728b)  -> (artifact id: '48dd736eef3595fbd11c062ead5f6d11') in 0.003504 seconds
  Import took 0.010261 seconds .

========================================================================
Received Import Request.
  Time since last request: 5.690923 seconds.
  path: Assets/Scripts/Dialogues.cs
  artifactKey: Guid(7d9ed0b060afa624d86794faef276de9) Importer(815301076,1909f56bfc062723c751e8b465ee728b)
Start importing Assets/Scripts/Dialogues.cs using Guid(7d9ed0b060afa624d86794faef276de9) Importer(815301076,1909f56bfc062723c751e8b465ee728b)  -> (artifact id: 'f505b0e9c04efcdb71c426bae0f2ed8e') in 0.011300 seconds
  Import took 0.019731 seconds .

========================================================================
Received Prepare
Registering precompiled user dll's ...
Registered in 0.003832 seconds.
Begin MonoManager ReloadAssembly
Native extension for WindowsStandalone target not found
Refreshing native plugins compatible for Editor in 1.15 ms, found 0 plugins.
Preloading 0 native plugins for Editor in 0.00 ms.
Mono: successfully reloaded assembly
- Completed reload, in  1.228 seconds
Platform modules already initialized, skipping
Shader 'Universal Render Pipeline/Particles/Lit': fallback shader 'Universal Render Pipeline/Particles/SimpleLit' not found
Refreshing native plugins compatible for Editor in 1.18 ms, found 0 plugins.
Preloading 0 native plugins for Editor in 0.00 ms.
Unloading 2513 Unused Serialized files (Serialized files now loaded: 0)
System memory in use before: 123.1 MB.
System memory in use after: 123.3 MB.

Unloading 6 unused Assets to reduce memory usage. Loaded Objects now: 3105.
Total: 2.158800 ms (FindLiveObjects: 0.261100 ms CreateObjectMapping: 0.117600 ms MarkObjects: 1.759000 ms  DeleteObjects: 0.020300 ms)

========================================================================
Received Prepare
Registering precompiled user dll's ...
Registered in 0.003135 seconds.
Begin MonoManager ReloadAssembly
Native extension for WindowsStandalone target not found
Refreshing native plugins compatible for Editor in 1.15 ms, found 0 plugins.
Preloading 0 native plugins for Editor in 0.00 ms.
Mono: successfully reloaded assembly
- Completed reload, in  1.004 seconds
Platform modules already initialized, skipping
Shader 'Universal Render Pipeline/Particles/Lit': fallback shader 'Universal Render Pipeline/Particles/SimpleLit' not found
Refreshing native plugins compatible for Editor in 1.16 ms, found 0 plugins.
Preloading 0 native plugins for Editor in 0.00 ms.
Unloading 2513 Unused Serialized files (Serialized files now loaded: 0)
System memory in use before: 123.1 MB.
System memory in use after: 123.3 MB.

Unloading 6 unused Assets to reduce memory usage. Loaded Objects now: 3108.
Total: 2.351600 ms (FindLiveObjects: 0.254100 ms CreateObjectMapping: 0.117500 ms MarkObjects: 1.959000 ms  DeleteObjects: 0.019800 ms)

========================================================================
Received Prepare
Registering precompiled user dll's ...
Registered in 0.003414 seconds.
Begin MonoManager ReloadAssembly
Native extension for WindowsStandalone target not found
Refreshing native plugins compatible for Editor in 1.19 ms, found 0 plugins.
Preloading 0 native plugins for Editor in 0.00 ms.
Mono: successfully reloaded assembly
- Completed reload, in  1.423 seconds
Platform modules already initialized, skipping
Shader 'Universal Render Pipeline/Particles/Lit': fallback shader 'Universal Render Pipeline/Particles/SimpleLit' not found
Refreshing native plugins compatible for Editor in 1.27 ms, found 0 plugins.
Preloading 0 native plugins for Editor in 0.00 ms.
Unloading 2513 Unused Serialized files (Serialized files now loaded: 0)
System memory in use before: 123.1 MB.
System memory in use after: 123.4 MB.

Unloading 6 unused Assets to reduce memory usage. Loaded Objects now: 3111.
Total: 3.747400 ms (FindLiveObjects: 1.255500 ms CreateObjectMapping: 0.315700 ms MarkObjects: 2.150800 ms  DeleteObjects: 0.023800 ms)

========================================================================
Received Prepare
Registering precompiled user dll's ...
Registered in 0.002829 seconds.
Begin MonoManager ReloadAssembly
Native extension for WindowsStandalone target not found
Refreshing native plugins compatible for Editor in 4.85 ms, found 0 plugins.
Preloading 0 native plugins for Editor in 0.00 ms.
Mono: successfully reloaded assembly
- Completed reload, in  2.403 seconds
Platform modules already initialized, skipping
Shader 'Universal Render Pipeline/Particles/Lit': fallback shader 'Universal Render Pipeline/Particles/SimpleLit' not found
Refreshing native plugins compatible for Editor in 1.99 ms, found 0 plugins.
Preloading 0 native plugins for Editor in 0.00 ms.
Unloading 2513 Unused Serialized files (Serialized files now loaded: 0)
System memory in use before: 123.1 MB.
System memory in use after: 123.4 MB.

Unloading 6 unused Assets to reduce memory usage. Loaded Objects now: 3114.
Total: 6.502500 ms (FindLiveObjects: 0.446400 ms CreateObjectMapping: 0.171200 ms MarkObjects: 5.838700 ms  DeleteObjects: 0.044300 ms)

========================================================================
Received Prepare
Registering precompiled user dll's ...
Registered in 0.003707 seconds.
Begin MonoManager ReloadAssembly
Native extension for WindowsStandalone target not found
Refreshing native plugins compatible for Editor in 1.41 ms, found 0 plugins.
Preloading 0 native plugins for Editor in 0.00 ms.
Mono: successfully reloaded assembly
- Completed reload, in  1.667 seconds
Platform modules already initialized, skipping
Shader 'Universal Render Pipeline/Particles/Lit': fallback shader 'Universal Render Pipeline/Particles/SimpleLit' not found
Refreshing native plugins compatible for Editor in 1.51 ms, found 0 plugins.
Preloading 0 native plugins for Editor in 0.00 ms.
Unloading 2513 Unused Serialized files (Serialized files now loaded: 0)
System memory in use before: 123.1 MB.
System memory in use after: 123.4 MB.

Unloading 6 unused Assets to reduce memory usage. Loaded Objects now: 3117.
Total: 2.954900 ms (FindLiveObjects: 0.290600 ms CreateObjectMapping: 0.123700 ms MarkObjects: 2.515800 ms  DeleteObjects: 0.023400 ms)

========================================================================
Received Prepare
Registering precompiled user dll's ...
Registered in 0.002574 seconds.
Begin MonoManager ReloadAssembly
Native extension for WindowsStandalone target not found
Refreshing native plugins compatible for Editor in 1.29 ms, found 0 plugins.
Preloading 0 native plugins for Editor in 0.00 ms.
Mono: successfully reloaded assembly
- Completed reload, in  1.749 seconds
Platform modules already initialized, skipping
Shader 'Universal Render Pipeline/Particles/Lit': fallback shader 'Universal Render Pipeline/Particles/SimpleLit' not found
Refreshing native plugins compatible for Editor in 3.30 ms, found 0 plugins.
Preloading 0 native plugins for Editor in 0.00 ms.
Unloading 2513 Unused Serialized files (Serialized files now loaded: 0)
System memory in use before: 123.2 MB.
System memory in use after: 123.4 MB.

Unloading 6 unused Assets to reduce memory usage. Loaded Objects now: 3120.
Total: 7.811100 ms (FindLiveObjects: 1.067700 ms CreateObjectMapping: 0.613700 ms MarkObjects: 6.090400 ms  DeleteObjects: 0.035900 ms)

========================================================================
Received Prepare
Registering precompiled user dll's ...
Registered in 0.002927 seconds.
Begin MonoManager ReloadAssembly
Native extension for WindowsStandalone target not found
Refreshing native plugins compatible for Editor in 1.58 ms, found 0 plugins.
Preloading 0 native plugins for Editor in 0.00 ms.
Mono: successfully reloaded assembly
- Completed reload, in  1.191 seconds
Platform modules already initialized, skipping
Shader 'Universal Render Pipeline/Particles/Lit': fallback shader 'Universal Render Pipeline/Particles/SimpleLit' not found
Refreshing native plugins compatible for Editor in 1.17 ms, found 0 plugins.
Preloading 0 native plugins for Editor in 0.00 ms.
Unloading 2513 Unused Serialized files (Serialized files now loaded: 0)
System memory in use before: 123.2 MB.
System memory in use after: 123.4 MB.

Unloading 6 unused Assets to reduce memory usage. Loaded Objects now: 3123.
Total: 2.781500 ms (FindLiveObjects: 0.314000 ms CreateObjectMapping: 0.118000 ms MarkObjects: 2.326600 ms  DeleteObjects: 0.021600 ms)

AssetImportWorkerClient::OnTransportError - code=2 error=End of file
